[0.011s] Invoking command in '/home/czika-stefania/Documents/DyNAMO/DyNAMO/build/explore_lite_msgs': CMAKE_PREFIX_PATH=${CMAKE_PREFIX_PATH}:/home/czika-stefania/Documents/DyNAMO/DyNAMO/install/ridgeback_frontier_exploration:/opt/ros/jazzy DEBUGINFOD_URLS=https://debuginfod.ubuntu.com /usr/bin/cmake /home/czika-stefania/Documents/DyNAMO/DyNAMO/src/m-explore-ros2/explore_lite_msgs -DCMAKE_INSTALL_PREFIX=/home/czika-stefania/Documents/DyNAMO/DyNAMO/install/explore_lite_msgs
[0.064s] -- The C compiler identification is GNU 13.3.0
[0.114s] -- The CXX compiler identification is GNU 13.3.0
[0.131s] -- Detecting C compiler ABI info
[0.225s] -- Detecting C compiler ABI info - done
[0.235s] -- Check for working C compiler: /usr/bin/cc - skipped
[0.235s] -- Detecting C compile features
[0.235s] -- Detecting C compile features - done
[0.245s] -- Detecting CXX compiler ABI info
[0.352s] -- Detecting CXX compiler ABI info - done
[0.364s] -- Check for working CXX compiler: /usr/bin/c++ - skipped
[0.364s] -- Detecting CXX compile features
[0.364s] -- Detecting CXX compile features - done
[0.368s] -- Found ament_cmake: 2.5.5 (/opt/ros/jazzy/share/ament_cmake/cmake)
[0.530s] -- Found Python3: /usr/bin/python3 (found version "3.12.3") found components: Interpreter 
[0.657s] -- Found rosidl_default_generators: 1.6.0 (/opt/ros/jazzy/share/rosidl_default_generators/cmake)
[0.665s] -- Using all available rosidl_typesupport_c: rosidl_typesupport_fastrtps_c;rosidl_typesupport_introspection_c
[0.727s] -- Using all available rosidl_typesupport_cpp: rosidl_typesupport_fastrtps_cpp;rosidl_typesupport_introspection_cpp
[0.780s] -- Found rosidl_adapter: 4.6.7 (/opt/ros/jazzy/share/rosidl_adapter/cmake)
[1.385s] -- Found ament_cmake_ros: 0.12.0 (/opt/ros/jazzy/share/ament_cmake_ros/cmake)
[1.778s] -- Using all available rosidl_typesupport_c: rosidl_typesupport_fastrtps_c;rosidl_typesupport_introspection_c
[2.317s] -- Using all available rosidl_typesupport_cpp: rosidl_typesupport_fastrtps_cpp;rosidl_typesupport_introspection_cpp
[2.321s] -- Found python_cmake_module: 0.11.1 (/opt/ros/jazzy/share/python_cmake_module/cmake)
[2.455s] -- Found PythonExtra: /usr/bin/python3  
[2.939s] -- Found Python3: /usr/bin/python3 (found version "3.12.3") found components: Interpreter Development NumPy Development.Module Development.Embed 
[2.981s] -- Configuring done (3.0s)
[3.009s] -- Generating done (0.0s)
[3.019s] -- Build files have been written to: /home/czika-stefania/Documents/DyNAMO/DyNAMO/build/explore_lite_msgs
[3.027s] Invoked command in '/home/czika-stefania/Documents/DyNAMO/DyNAMO/build/explore_lite_msgs' returned '0': CMAKE_PREFIX_PATH=${CMAKE_PREFIX_PATH}:/home/czika-stefania/Documents/DyNAMO/DyNAMO/install/ridgeback_frontier_exploration:/opt/ros/jazzy DEBUGINFOD_URLS=https://debuginfod.ubuntu.com /usr/bin/cmake /home/czika-stefania/Documents/DyNAMO/DyNAMO/src/m-explore-ros2/explore_lite_msgs -DCMAKE_INSTALL_PREFIX=/home/czika-stefania/Documents/DyNAMO/DyNAMO/install/explore_lite_msgs
[3.028s] Invoking command in '/home/czika-stefania/Documents/DyNAMO/DyNAMO/build/explore_lite_msgs': CMAKE_PREFIX_PATH=${CMAKE_PREFIX_PATH}:/home/czika-stefania/Documents/DyNAMO/DyNAMO/install/ridgeback_frontier_exploration:/opt/ros/jazzy DEBUGINFOD_URLS=https://debuginfod.ubuntu.com /usr/bin/cmake --build /home/czika-stefania/Documents/DyNAMO/DyNAMO/build/explore_lite_msgs -- -j20 -l20
[3.087s] [  2%] [34m[1mGenerating type hashes for ROS interfaces[0m
[3.095s] [  2%] Built target ament_cmake_python_copy_explore_lite_msgs
[3.329s] [  2%] Built target explore_lite_msgs__rosidl_generator_type_description
[3.342s] [  5%] [34m[1mGenerating C code for ROS interfaces[0m
[3.345s] running egg_info
[3.346s] creating explore_lite_msgs.egg-info
[3.352s] [  8%] [34m[1mGenerating C++ code for ROS interfaces[0m
[3.364s] writing explore_lite_msgs.egg-info/PKG-INFO
[3.364s] writing dependency_links to explore_lite_msgs.egg-info/dependency_links.txt
[3.365s] writing top-level names to explore_lite_msgs.egg-info/top_level.txt
[3.365s] writing manifest file 'explore_lite_msgs.egg-info/SOURCES.txt'
[3.424s] reading manifest file 'explore_lite_msgs.egg-info/SOURCES.txt'
[3.425s] writing manifest file 'explore_lite_msgs.egg-info/SOURCES.txt'
[3.473s] [  8%] Built target ament_cmake_python_build_explore_lite_msgs_egg
[3.645s] [  8%] Built target explore_lite_msgs__cpp
[3.654s] [ 17%] [32mBuilding C object CMakeFiles/explore_lite_msgs__rosidl_generator_c.dir/rosidl_generator_c/explore_lite_msgs/msg/detail/explore_status__functions.c.o[0m
[3.654s] [ 17%] [32mBuilding C object CMakeFiles/explore_lite_msgs__rosidl_generator_c.dir/rosidl_generator_c/explore_lite_msgs/msg/detail/explore_status__type_support.c.o[0m
[3.654s] [ 17%] [32mBuilding C object CMakeFiles/explore_lite_msgs__rosidl_generator_c.dir/rosidl_generator_c/explore_lite_msgs/msg/detail/explore_status__description.c.o[0m
[3.714s] [ 20%] [32m[1mLinking C shared library libexplore_lite_msgs__rosidl_generator_c.so[0m
[3.758s] [ 20%] Built target explore_lite_msgs__rosidl_generator_c
[3.769s] [ 23%] [34m[1mGenerating C introspection for ROS interfaces[0m
[3.769s] [ 29%] [34m[1mGenerating C++ type support for eProsima Fast-RTPS[0m
[3.769s] [ 29%] [34m[1mGenerating C type support for eProsima Fast-RTPS[0m
[3.769s] [ 32%] [34m[1mGenerating C++ type support dispatch for ROS interfaces[0m
[3.770s] [ 35%] [34m[1mGenerating C type support dispatch for ROS interfaces[0m
[3.770s] [ 38%] [34m[1mGenerating C++ introspection for ROS interfaces[0m
[4.019s] [ 41%] [32mBuilding CXX object CMakeFiles/explore_lite_msgs__rosidl_typesupport_cpp.dir/rosidl_typesupport_cpp/explore_lite_msgs/msg/explore_status__type_support.cpp.o[0m
[4.037s] [ 44%] [32mBuilding CXX object CMakeFiles/explore_lite_msgs__rosidl_typesupport_c.dir/rosidl_typesupport_c/explore_lite_msgs/msg/explore_status__type_support.cpp.o[0m
[4.048s] [ 47%] [32mBuilding CXX object CMakeFiles/explore_lite_msgs__rosidl_typesupport_introspection_cpp.dir/rosidl_typesupport_introspection_cpp/explore_lite_msgs/msg/detail/explore_status__type_support.cpp.o[0m
[4.049s] [ 50%] [32mBuilding CXX object CMakeFiles/explore_lite_msgs__rosidl_typesupport_fastrtps_cpp.dir/rosidl_typesupport_fastrtps_cpp/explore_lite_msgs/msg/detail/dds_fastrtps/explore_status__type_support.cpp.o[0m
[4.060s] [ 52%] [32mBuilding CXX object CMakeFiles/explore_lite_msgs__rosidl_typesupport_fastrtps_c.dir/rosidl_typesupport_fastrtps_c/explore_lite_msgs/msg/detail/explore_status__type_support_c.cpp.o[0m
[4.067s] [ 55%] [32mBuilding C object CMakeFiles/explore_lite_msgs__rosidl_typesupport_introspection_c.dir/rosidl_typesupport_introspection_c/explore_lite_msgs/msg/detail/explore_status__type_support.c.o[0m
[4.079s] [ 58%] [32m[1mLinking CXX shared library libexplore_lite_msgs__rosidl_typesupport_c.so[0m
[4.102s] [ 61%] [32m[1mLinking C shared library libexplore_lite_msgs__rosidl_typesupport_introspection_c.so[0m
[4.127s] [ 61%] Built target explore_lite_msgs__rosidl_typesupport_c
[4.141s] [ 61%] Built target explore_lite_msgs__rosidl_typesupport_introspection_c
[4.301s] [ 64%] [32m[1mLinking CXX shared library libexplore_lite_msgs__rosidl_typesupport_cpp.so[0m
[4.307s] [ 67%] [32m[1mLinking CXX shared library libexplore_lite_msgs__rosidl_typesupport_introspection_cpp.so[0m
[4.357s] [ 67%] Built target explore_lite_msgs__rosidl_typesupport_cpp
[4.392s] [ 67%] Built target explore_lite_msgs__rosidl_typesupport_introspection_cpp
[4.470s] [ 70%] [32m[1mLinking CXX shared library libexplore_lite_msgs__rosidl_typesupport_fastrtps_c.so[0m
[4.474s] [ 73%] [32m[1mLinking CXX shared library libexplore_lite_msgs__rosidl_typesupport_fastrtps_cpp.so[0m
[4.564s] [ 73%] Built target explore_lite_msgs__rosidl_typesupport_fastrtps_c
[4.568s] [ 73%] Built target explore_lite_msgs__rosidl_typesupport_fastrtps_cpp
[4.591s] [ 73%] Built target explore_lite_msgs
[4.612s] [ 76%] [34m[1mGenerating Python code for ROS interfaces[0m
[4.901s] [ 76%] Built target explore_lite_msgs__py
[4.934s] [ 79%] [32mBuilding C object CMakeFiles/explore_lite_msgs__rosidl_generator_py.dir/rosidl_generator_py/explore_lite_msgs/msg/_explore_status_s.c.o[0m
[5.050s] [ 82%] [32m[1mLinking C shared library libexplore_lite_msgs__rosidl_generator_py.so[0m
[5.101s] [ 82%] Built target explore_lite_msgs__rosidl_generator_py
[5.128s] [ 85%] [32mBuilding C object CMakeFiles/explore_lite_msgs_s__rosidl_typesupport_c.dir/rosidl_generator_py/explore_lite_msgs/_explore_lite_msgs_s.ep.rosidl_typesupport_c.c.o[0m
[5.130s] [ 91%] [32mBuilding C object CMakeFiles/explore_lite_msgs_s__rosidl_typesupport_fastrtps_c.dir/rosidl_generator_py/explore_lite_msgs/_explore_lite_msgs_s.ep.rosidl_typesupport_fastrtps_c.c.o[0m
[5.130s] [ 91%] [32mBuilding C object CMakeFiles/explore_lite_msgs_s__rosidl_typesupport_introspection_c.dir/rosidl_generator_py/explore_lite_msgs/_explore_lite_msgs_s.ep.rosidl_typesupport_introspection_c.c.o[0m
[5.236s] [ 94%] [32m[1mLinking C shared module rosidl_generator_py/explore_lite_msgs/explore_lite_msgs_s__rosidl_typesupport_introspection_c.so[0m
[5.242s] [ 97%] [32m[1mLinking C shared module rosidl_generator_py/explore_lite_msgs/explore_lite_msgs_s__rosidl_typesupport_c.so[0m
[5.275s] [100%] [32m[1mLinking C shared module rosidl_generator_py/explore_lite_msgs/explore_lite_msgs_s__rosidl_typesupport_fastrtps_c.so[0m
[5.284s] [100%] Built target explore_lite_msgs_s__rosidl_typesupport_introspection_c
[5.286s] [100%] Built target explore_lite_msgs_s__rosidl_typesupport_c
[5.323s] [100%] Built target explore_lite_msgs_s__rosidl_typesupport_fastrtps_c
[5.339s] Invoked command in '/home/czika-stefania/Documents/DyNAMO/DyNAMO/build/explore_lite_msgs' returned '0': CMAKE_PREFIX_PATH=${CMAKE_PREFIX_PATH}:/home/czika-stefania/Documents/DyNAMO/DyNAMO/install/ridgeback_frontier_exploration:/opt/ros/jazzy DEBUGINFOD_URLS=https://debuginfod.ubuntu.com /usr/bin/cmake --build /home/czika-stefania/Documents/DyNAMO/DyNAMO/build/explore_lite_msgs -- -j20 -l20
[5.359s] Invoking command in '/home/czika-stefania/Documents/DyNAMO/DyNAMO/build/explore_lite_msgs': CMAKE_PREFIX_PATH=${CMAKE_PREFIX_PATH}:/home/czika-stefania/Documents/DyNAMO/DyNAMO/install/ridgeback_frontier_exploration:/opt/ros/jazzy DEBUGINFOD_URLS=https://debuginfod.ubuntu.com /usr/bin/cmake --install /home/czika-stefania/Documents/DyNAMO/DyNAMO/build/explore_lite_msgs
[5.372s] -- Install configuration: ""
[5.372s] -- Installing: /home/czika-stefania/Documents/DyNAMO/DyNAMO/install/explore_lite_msgs/share/ament_index/resource_index/rosidl_interfaces/explore_lite_msgs
[5.372s] -- Installing: /home/czika-stefania/Documents/DyNAMO/DyNAMO/install/explore_lite_msgs/share/explore_lite_msgs/msg/ExploreStatus.json
[5.373s] -- Installing: /home/czika-stefania/Documents/DyNAMO/DyNAMO/install/explore_lite_msgs/include/explore_lite_msgs/explore_lite_msgs
[5.373s] -- Installing: /home/czika-stefania/Documents/DyNAMO/DyNAMO/install/explore_lite_msgs/include/explore_lite_msgs/explore_lite_msgs/msg
[5.373s] -- Installing: /home/czika-stefania/Documents/DyNAMO/DyNAMO/install/explore_lite_msgs/include/explore_lite_msgs/explore_lite_msgs/msg/explore_status.h
[5.373s] -- Installing: /home/czika-stefania/Documents/DyNAMO/DyNAMO/install/explore_lite_msgs/include/explore_lite_msgs/explore_lite_msgs/msg/detail
[5.373s] -- Installing: /home/czika-stefania/Documents/DyNAMO/DyNAMO/install/explore_lite_msgs/include/explore_lite_msgs/explore_lite_msgs/msg/detail/explore_status__functions.h
[5.373s] -- Installing: /home/czika-stefania/Documents/DyNAMO/DyNAMO/install/explore_lite_msgs/include/explore_lite_msgs/explore_lite_msgs/msg/detail/explore_status__type_support.c
[5.373s] -- Installing: /home/czika-stefania/Documents/DyNAMO/DyNAMO/install/explore_lite_msgs/include/explore_lite_msgs/explore_lite_msgs/msg/detail/explore_status__description.c
[5.374s] -- Installing: /home/czika-stefania/Documents/DyNAMO/DyNAMO/install/explore_lite_msgs/include/explore_lite_msgs/explore_lite_msgs/msg/detail/explore_status__functions.c
[5.374s] -- Installing: /home/czika-stefania/Documents/DyNAMO/DyNAMO/install/explore_lite_msgs/include/explore_lite_msgs/explore_lite_msgs/msg/detail/explore_status__type_support.h
[5.374s] -- Installing: /home/czika-stefania/Documents/DyNAMO/DyNAMO/install/explore_lite_msgs/include/explore_lite_msgs/explore_lite_msgs/msg/detail/explore_status__struct.h
[5.374s] -- Installing: /home/czika-stefania/Documents/DyNAMO/DyNAMO/install/explore_lite_msgs/include/explore_lite_msgs/explore_lite_msgs/msg/rosidl_generator_c__visibility_control.h
[5.374s] -- Installing: /home/czika-stefania/Documents/DyNAMO/DyNAMO/install/explore_lite_msgs/share/explore_lite_msgs/environment/library_path.sh
[5.374s] -- Installing: /home/czika-stefania/Documents/DyNAMO/DyNAMO/install/explore_lite_msgs/share/explore_lite_msgs/environment/library_path.dsv
[5.374s] -- Installing: /home/czika-stefania/Documents/DyNAMO/DyNAMO/install/explore_lite_msgs/lib/libexplore_lite_msgs__rosidl_generator_c.so
[5.374s] -- Set non-toolchain portion of runtime path of "/home/czika-stefania/Documents/DyNAMO/DyNAMO/install/explore_lite_msgs/lib/libexplore_lite_msgs__rosidl_generator_c.so" to ""
[5.374s] -- Up-to-date: /home/czika-stefania/Documents/DyNAMO/DyNAMO/install/explore_lite_msgs/include/explore_lite_msgs/explore_lite_msgs
[5.374s] -- Up-to-date: /home/czika-stefania/Documents/DyNAMO/DyNAMO/install/explore_lite_msgs/include/explore_lite_msgs/explore_lite_msgs/msg
[5.374s] -- Up-to-date: /home/czika-stefania/Documents/DyNAMO/DyNAMO/install/explore_lite_msgs/include/explore_lite_msgs/explore_lite_msgs/msg/detail
[5.374s] -- Installing: /home/czika-stefania/Documents/DyNAMO/DyNAMO/install/explore_lite_msgs/include/explore_lite_msgs/explore_lite_msgs/msg/detail/explore_status__rosidl_typesupport_fastrtps_c.h
[5.375s] -- Installing: /home/czika-stefania/Documents/DyNAMO/DyNAMO/install/explore_lite_msgs/include/explore_lite_msgs/explore_lite_msgs/msg/rosidl_typesupport_fastrtps_c__visibility_control.h
[5.375s] -- Installing: /home/czika-stefania/Documents/DyNAMO/DyNAMO/install/explore_lite_msgs/lib/libexplore_lite_msgs__rosidl_typesupport_fastrtps_c.so
[5.375s] -- Set non-toolchain portion of runtime path of "/home/czika-stefania/Documents/DyNAMO/DyNAMO/install/explore_lite_msgs/lib/libexplore_lite_msgs__rosidl_typesupport_fastrtps_c.so" to ""
[5.375s] -- Up-to-date: /home/czika-stefania/Documents/DyNAMO/DyNAMO/install/explore_lite_msgs/include/explore_lite_msgs/explore_lite_msgs
[5.375s] -- Up-to-date: /home/czika-stefania/Documents/DyNAMO/DyNAMO/install/explore_lite_msgs/include/explore_lite_msgs/explore_lite_msgs/msg
[5.375s] -- Up-to-date: /home/czika-stefania/Documents/DyNAMO/DyNAMO/install/explore_lite_msgs/include/explore_lite_msgs/explore_lite_msgs/msg/detail
[5.375s] -- Installing: /home/czika-stefania/Documents/DyNAMO/DyNAMO/install/explore_lite_msgs/include/explore_lite_msgs/explore_lite_msgs/msg/detail/explore_status__rosidl_typesupport_introspection_c.h
[5.376s] -- Up-to-date: /home/czika-stefania/Documents/DyNAMO/DyNAMO/install/explore_lite_msgs/include/explore_lite_msgs/explore_lite_msgs/msg/detail/explore_status__type_support.c
[5.376s] -- Installing: /home/czika-stefania/Documents/DyNAMO/DyNAMO/install/explore_lite_msgs/include/explore_lite_msgs/explore_lite_msgs/msg/rosidl_typesupport_introspection_c__visibility_control.h
[5.376s] -- Installing: /home/czika-stefania/Documents/DyNAMO/DyNAMO/install/explore_lite_msgs/lib/libexplore_lite_msgs__rosidl_typesupport_introspection_c.so
[5.376s] -- Set non-toolchain portion of runtime path of "/home/czika-stefania/Documents/DyNAMO/DyNAMO/install/explore_lite_msgs/lib/libexplore_lite_msgs__rosidl_typesupport_introspection_c.so" to ""
[5.376s] -- Installing: /home/czika-stefania/Documents/DyNAMO/DyNAMO/install/explore_lite_msgs/lib/libexplore_lite_msgs__rosidl_typesupport_c.so
[5.376s] -- Set non-toolchain portion of runtime path of "/home/czika-stefania/Documents/DyNAMO/DyNAMO/install/explore_lite_msgs/lib/libexplore_lite_msgs__rosidl_typesupport_c.so" to ""
[5.376s] -- Up-to-date: /home/czika-stefania/Documents/DyNAMO/DyNAMO/install/explore_lite_msgs/include/explore_lite_msgs/explore_lite_msgs
[5.377s] -- Up-to-date: /home/czika-stefania/Documents/DyNAMO/DyNAMO/install/explore_lite_msgs/include/explore_lite_msgs/explore_lite_msgs/msg
[5.377s] -- Up-to-date: /home/czika-stefania/Documents/DyNAMO/DyNAMO/install/explore_lite_msgs/include/explore_lite_msgs/explore_lite_msgs/msg/detail
[5.377s] -- Installing: /home/czika-stefania/Documents/DyNAMO/DyNAMO/install/explore_lite_msgs/include/explore_lite_msgs/explore_lite_msgs/msg/detail/explore_status__struct.hpp
[5.377s] -- Installing: /home/czika-stefania/Documents/DyNAMO/DyNAMO/install/explore_lite_msgs/include/explore_lite_msgs/explore_lite_msgs/msg/detail/explore_status__traits.hpp
[5.377s] -- Installing: /home/czika-stefania/Documents/DyNAMO/DyNAMO/install/explore_lite_msgs/include/explore_lite_msgs/explore_lite_msgs/msg/detail/explore_status__builder.hpp
[5.377s] -- Installing: /home/czika-stefania/Documents/DyNAMO/DyNAMO/install/explore_lite_msgs/include/explore_lite_msgs/explore_lite_msgs/msg/detail/explore_status__type_support.hpp
[5.377s] -- Installing: /home/czika-stefania/Documents/DyNAMO/DyNAMO/install/explore_lite_msgs/include/explore_lite_msgs/explore_lite_msgs/msg/explore_status.hpp
[5.377s] -- Installing: /home/czika-stefania/Documents/DyNAMO/DyNAMO/install/explore_lite_msgs/include/explore_lite_msgs/explore_lite_msgs/msg/rosidl_generator_cpp__visibility_control.hpp
[5.377s] -- Up-to-date: /home/czika-stefania/Documents/DyNAMO/DyNAMO/install/explore_lite_msgs/include/explore_lite_msgs/explore_lite_msgs
[5.377s] -- Up-to-date: /home/czika-stefania/Documents/DyNAMO/DyNAMO/install/explore_lite_msgs/include/explore_lite_msgs/explore_lite_msgs/msg
[5.377s] -- Up-to-date: /home/czika-stefania/Documents/DyNAMO/DyNAMO/install/explore_lite_msgs/include/explore_lite_msgs/explore_lite_msgs/msg/detail
[5.377s] -- Installing: /home/czika-stefania/Documents/DyNAMO/DyNAMO/install/explore_lite_msgs/include/explore_lite_msgs/explore_lite_msgs/msg/detail/explore_status__rosidl_typesupport_fastrtps_cpp.hpp
[5.377s] -- Installing: /home/czika-stefania/Documents/DyNAMO/DyNAMO/install/explore_lite_msgs/include/explore_lite_msgs/explore_lite_msgs/msg/detail/dds_fastrtps
[5.378s] -- Installing: /home/czika-stefania/Documents/DyNAMO/DyNAMO/install/explore_lite_msgs/include/explore_lite_msgs/explore_lite_msgs/msg/rosidl_typesupport_fastrtps_cpp__visibility_control.h
[5.378s] -- Installing: /home/czika-stefania/Documents/DyNAMO/DyNAMO/install/explore_lite_msgs/lib/libexplore_lite_msgs__rosidl_typesupport_fastrtps_cpp.so
[5.378s] -- Set non-toolchain portion of runtime path of "/home/czika-stefania/Documents/DyNAMO/DyNAMO/install/explore_lite_msgs/lib/libexplore_lite_msgs__rosidl_typesupport_fastrtps_cpp.so" to ""
[5.378s] -- Up-to-date: /home/czika-stefania/Documents/DyNAMO/DyNAMO/install/explore_lite_msgs/include/explore_lite_msgs/explore_lite_msgs
[5.378s] -- Up-to-date: /home/czika-stefania/Documents/DyNAMO/DyNAMO/install/explore_lite_msgs/include/explore_lite_msgs/explore_lite_msgs/msg
[5.378s] -- Up-to-date: /home/czika-stefania/Documents/DyNAMO/DyNAMO/install/explore_lite_msgs/include/explore_lite_msgs/explore_lite_msgs/msg/detail
[5.378s] -- Installing: /home/czika-stefania/Documents/DyNAMO/DyNAMO/install/explore_lite_msgs/include/explore_lite_msgs/explore_lite_msgs/msg/detail/explore_status__type_support.cpp
[5.378s] -- Installing: /home/czika-stefania/Documents/DyNAMO/DyNAMO/install/explore_lite_msgs/include/explore_lite_msgs/explore_lite_msgs/msg/detail/explore_status__rosidl_typesupport_introspection_cpp.hpp
[5.378s] -- Installing: /home/czika-stefania/Documents/DyNAMO/DyNAMO/install/explore_lite_msgs/lib/libexplore_lite_msgs__rosidl_typesupport_introspection_cpp.so
[5.378s] -- Set non-toolchain portion of runtime path of "/home/czika-stefania/Documents/DyNAMO/DyNAMO/install/explore_lite_msgs/lib/libexplore_lite_msgs__rosidl_typesupport_introspection_cpp.so" to ""
[5.378s] -- Installing: /home/czika-stefania/Documents/DyNAMO/DyNAMO/install/explore_lite_msgs/lib/libexplore_lite_msgs__rosidl_typesupport_cpp.so
[5.378s] -- Set non-toolchain portion of runtime path of "/home/czika-stefania/Documents/DyNAMO/DyNAMO/install/explore_lite_msgs/lib/libexplore_lite_msgs__rosidl_typesupport_cpp.so" to ""
[5.378s] -- Installing: /home/czika-stefania/Documents/DyNAMO/DyNAMO/install/explore_lite_msgs/share/explore_lite_msgs/environment/pythonpath.sh
[5.379s] -- Installing: /home/czika-stefania/Documents/DyNAMO/DyNAMO/install/explore_lite_msgs/share/explore_lite_msgs/environment/pythonpath.dsv
[5.379s] -- Installing: /home/czika-stefania/Documents/DyNAMO/DyNAMO/install/explore_lite_msgs/lib/python3.12/site-packages/explore_lite_msgs-1.0.0-py3.12.egg-info
[5.379s] -- Installing: /home/czika-stefania/Documents/DyNAMO/DyNAMO/install/explore_lite_msgs/lib/python3.12/site-packages/explore_lite_msgs-1.0.0-py3.12.egg-info/dependency_links.txt
[5.379s] -- Installing: /home/czika-stefania/Documents/DyNAMO/DyNAMO/install/explore_lite_msgs/lib/python3.12/site-packages/explore_lite_msgs-1.0.0-py3.12.egg-info/PKG-INFO
[5.379s] -- Installing: /home/czika-stefania/Documents/DyNAMO/DyNAMO/install/explore_lite_msgs/lib/python3.12/site-packages/explore_lite_msgs-1.0.0-py3.12.egg-info/top_level.txt
[5.379s] -- Installing: /home/czika-stefania/Documents/DyNAMO/DyNAMO/install/explore_lite_msgs/lib/python3.12/site-packages/explore_lite_msgs-1.0.0-py3.12.egg-info/SOURCES.txt
[5.379s] -- Installing: /home/czika-stefania/Documents/DyNAMO/DyNAMO/install/explore_lite_msgs/lib/python3.12/site-packages/explore_lite_msgs
[5.379s] -- Installing: /home/czika-stefania/Documents/DyNAMO/DyNAMO/install/explore_lite_msgs/lib/python3.12/site-packages/explore_lite_msgs/msg
[5.379s] -- Installing: /home/czika-stefania/Documents/DyNAMO/DyNAMO/install/explore_lite_msgs/lib/python3.12/site-packages/explore_lite_msgs/msg/_explore_status.py
[5.379s] -- Installing: /home/czika-stefania/Documents/DyNAMO/DyNAMO/install/explore_lite_msgs/lib/python3.12/site-packages/explore_lite_msgs/msg/_explore_status_s.c
[5.379s] -- Installing: /home/czika-stefania/Documents/DyNAMO/DyNAMO/install/explore_lite_msgs/lib/python3.12/site-packages/explore_lite_msgs/msg/__init__.py
[5.379s] -- Installing: /home/czika-stefania/Documents/DyNAMO/DyNAMO/install/explore_lite_msgs/lib/python3.12/site-packages/explore_lite_msgs/explore_lite_msgs_s__rosidl_typesupport_c.so
[5.379s] -- Installing: /home/czika-stefania/Documents/DyNAMO/DyNAMO/install/explore_lite_msgs/lib/python3.12/site-packages/explore_lite_msgs/_explore_lite_msgs_s.ep.rosidl_typesupport_fastrtps_c.c
[5.379s] -- Installing: /home/czika-stefania/Documents/DyNAMO/DyNAMO/install/explore_lite_msgs/lib/python3.12/site-packages/explore_lite_msgs/explore_lite_msgs_s__rosidl_typesupport_fastrtps_c.so
[5.379s] -- Installing: /home/czika-stefania/Documents/DyNAMO/DyNAMO/install/explore_lite_msgs/lib/python3.12/site-packages/explore_lite_msgs/__init__.py
[5.380s] -- Installing: /home/czika-stefania/Documents/DyNAMO/DyNAMO/install/explore_lite_msgs/lib/python3.12/site-packages/explore_lite_msgs/_explore_lite_msgs_s.ep.rosidl_typesupport_c.c
[5.380s] -- Installing: /home/czika-stefania/Documents/DyNAMO/DyNAMO/install/explore_lite_msgs/lib/python3.12/site-packages/explore_lite_msgs/_explore_lite_msgs_s.ep.rosidl_typesupport_introspection_c.c
[5.380s] -- Installing: /home/czika-stefania/Documents/DyNAMO/DyNAMO/install/explore_lite_msgs/lib/python3.12/site-packages/explore_lite_msgs/explore_lite_msgs_s__rosidl_typesupport_introspection_c.so
[5.445s] Listing '/home/czika-stefania/Documents/DyNAMO/DyNAMO/install/explore_lite_msgs/lib/python3.12/site-packages/explore_lite_msgs'...
[5.445s] Compiling '/home/czika-stefania/Documents/DyNAMO/DyNAMO/install/explore_lite_msgs/lib/python3.12/site-packages/explore_lite_msgs/__init__.py'...
[5.445s] Listing '/home/czika-stefania/Documents/DyNAMO/DyNAMO/install/explore_lite_msgs/lib/python3.12/site-packages/explore_lite_msgs/msg'...
[5.445s] Compiling '/home/czika-stefania/Documents/DyNAMO/DyNAMO/install/explore_lite_msgs/lib/python3.12/site-packages/explore_lite_msgs/msg/__init__.py'...
[5.446s] Compiling '/home/czika-stefania/Documents/DyNAMO/DyNAMO/install/explore_lite_msgs/lib/python3.12/site-packages/explore_lite_msgs/msg/_explore_status.py'...
[5.458s] -- Installing: /home/czika-stefania/Documents/DyNAMO/DyNAMO/install/explore_lite_msgs/lib/python3.12/site-packages/explore_lite_msgs/explore_lite_msgs_s__rosidl_typesupport_fastrtps_c.so
[5.459s] -- Set non-toolchain portion of runtime path of "/home/czika-stefania/Documents/DyNAMO/DyNAMO/install/explore_lite_msgs/lib/python3.12/site-packages/explore_lite_msgs/explore_lite_msgs_s__rosidl_typesupport_fastrtps_c.so" to ""
[5.459s] -- Installing: /home/czika-stefania/Documents/DyNAMO/DyNAMO/install/explore_lite_msgs/lib/python3.12/site-packages/explore_lite_msgs/explore_lite_msgs_s__rosidl_typesupport_introspection_c.so
[5.459s] -- Set non-toolchain portion of runtime path of "/home/czika-stefania/Documents/DyNAMO/DyNAMO/install/explore_lite_msgs/lib/python3.12/site-packages/explore_lite_msgs/explore_lite_msgs_s__rosidl_typesupport_introspection_c.so" to ""
[5.459s] -- Installing: /home/czika-stefania/Documents/DyNAMO/DyNAMO/install/explore_lite_msgs/lib/python3.12/site-packages/explore_lite_msgs/explore_lite_msgs_s__rosidl_typesupport_c.so
[5.459s] -- Set non-toolchain portion of runtime path of "/home/czika-stefania/Documents/DyNAMO/DyNAMO/install/explore_lite_msgs/lib/python3.12/site-packages/explore_lite_msgs/explore_lite_msgs_s__rosidl_typesupport_c.so" to ""
[5.459s] -- Installing: /home/czika-stefania/Documents/DyNAMO/DyNAMO/install/explore_lite_msgs/lib/libexplore_lite_msgs__rosidl_generator_py.so
[5.459s] -- Set non-toolchain portion of runtime path of "/home/czika-stefania/Documents/DyNAMO/DyNAMO/install/explore_lite_msgs/lib/libexplore_lite_msgs__rosidl_generator_py.so" to ""
[5.459s] -- Installing: /home/czika-stefania/Documents/DyNAMO/DyNAMO/install/explore_lite_msgs/share/explore_lite_msgs/msg/ExploreStatus.idl
[5.460s] -- Installing: /home/czika-stefania/Documents/DyNAMO/DyNAMO/install/explore_lite_msgs/share/explore_lite_msgs/msg/ExploreStatus.msg
[5.460s] -- Installing: /home/czika-stefania/Documents/DyNAMO/DyNAMO/install/explore_lite_msgs/share/ament_index/resource_index/package_run_dependencies/explore_lite_msgs
[5.460s] -- Installing: /home/czika-stefania/Documents/DyNAMO/DyNAMO/install/explore_lite_msgs/share/ament_index/resource_index/parent_prefix_path/explore_lite_msgs
[5.460s] -- Installing: /home/czika-stefania/Documents/DyNAMO/DyNAMO/install/explore_lite_msgs/share/explore_lite_msgs/environment/ament_prefix_path.sh
[5.460s] -- Installing: /home/czika-stefania/Documents/DyNAMO/DyNAMO/install/explore_lite_msgs/share/explore_lite_msgs/environment/ament_prefix_path.dsv
[5.460s] -- Installing: /home/czika-stefania/Documents/DyNAMO/DyNAMO/install/explore_lite_msgs/share/explore_lite_msgs/environment/path.sh
[5.460s] -- Installing: /home/czika-stefania/Documents/DyNAMO/DyNAMO/install/explore_lite_msgs/share/explore_lite_msgs/environment/path.dsv
[5.460s] -- Installing: /home/czika-stefania/Documents/DyNAMO/DyNAMO/install/explore_lite_msgs/share/explore_lite_msgs/local_setup.bash
[5.460s] -- Installing: /home/czika-stefania/Documents/DyNAMO/DyNAMO/install/explore_lite_msgs/share/explore_lite_msgs/local_setup.sh
[5.461s] -- Installing: /home/czika-stefania/Documents/DyNAMO/DyNAMO/install/explore_lite_msgs/share/explore_lite_msgs/local_setup.zsh
[5.461s] -- Installing: /home/czika-stefania/Documents/DyNAMO/DyNAMO/install/explore_lite_msgs/share/explore_lite_msgs/local_setup.dsv
[5.461s] -- Installing: /home/czika-stefania/Documents/DyNAMO/DyNAMO/install/explore_lite_msgs/share/explore_lite_msgs/package.dsv
[5.461s] -- Installing: /home/czika-stefania/Documents/DyNAMO/DyNAMO/install/explore_lite_msgs/share/ament_index/resource_index/packages/explore_lite_msgs
[5.461s] -- Installing: /home/czika-stefania/Documents/DyNAMO/DyNAMO/install/explore_lite_msgs/share/explore_lite_msgs/cmake/export_explore_lite_msgs__rosidl_generator_cExport.cmake
[5.461s] -- Installing: /home/czika-stefania/Documents/DyNAMO/DyNAMO/install/explore_lite_msgs/share/explore_lite_msgs/cmake/export_explore_lite_msgs__rosidl_generator_cExport-noconfig.cmake
[5.461s] -- Installing: /home/czika-stefania/Documents/DyNAMO/DyNAMO/install/explore_lite_msgs/share/explore_lite_msgs/cmake/export_explore_lite_msgs__rosidl_typesupport_fastrtps_cExport.cmake
[5.462s] -- Installing: /home/czika-stefania/Documents/DyNAMO/DyNAMO/install/explore_lite_msgs/share/explore_lite_msgs/cmake/export_explore_lite_msgs__rosidl_typesupport_fastrtps_cExport-noconfig.cmake
[5.462s] -- Installing: /home/czika-stefania/Documents/DyNAMO/DyNAMO/install/explore_lite_msgs/share/explore_lite_msgs/cmake/explore_lite_msgs__rosidl_typesupport_introspection_cExport.cmake
[5.462s] -- Installing: /home/czika-stefania/Documents/DyNAMO/DyNAMO/install/explore_lite_msgs/share/explore_lite_msgs/cmake/explore_lite_msgs__rosidl_typesupport_introspection_cExport-noconfig.cmake
[5.462s] -- Installing: /home/czika-stefania/Documents/DyNAMO/DyNAMO/install/explore_lite_msgs/share/explore_lite_msgs/cmake/explore_lite_msgs__rosidl_typesupport_cExport.cmake
[5.462s] -- Installing: /home/czika-stefania/Documents/DyNAMO/DyNAMO/install/explore_lite_msgs/share/explore_lite_msgs/cmake/explore_lite_msgs__rosidl_typesupport_cExport-noconfig.cmake
[5.462s] -- Installing: /home/czika-stefania/Documents/DyNAMO/DyNAMO/install/explore_lite_msgs/share/explore_lite_msgs/cmake/export_explore_lite_msgs__rosidl_generator_cppExport.cmake
[5.463s] -- Installing: /home/czika-stefania/Documents/DyNAMO/DyNAMO/install/explore_lite_msgs/share/explore_lite_msgs/cmake/export_explore_lite_msgs__rosidl_typesupport_fastrtps_cppExport.cmake
[5.464s] -- Installing: /home/czika-stefania/Documents/DyNAMO/DyNAMO/install/explore_lite_msgs/share/explore_lite_msgs/cmake/export_explore_lite_msgs__rosidl_typesupport_fastrtps_cppExport-noconfig.cmake
[5.464s] -- Installing: /home/czika-stefania/Documents/DyNAMO/DyNAMO/install/explore_lite_msgs/share/explore_lite_msgs/cmake/explore_lite_msgs__rosidl_typesupport_introspection_cppExport.cmake
[5.464s] -- Installing: /home/czika-stefania/Documents/DyNAMO/DyNAMO/install/explore_lite_msgs/share/explore_lite_msgs/cmake/explore_lite_msgs__rosidl_typesupport_introspection_cppExport-noconfig.cmake
[5.464s] -- Installing: /home/czika-stefania/Documents/DyNAMO/DyNAMO/install/explore_lite_msgs/share/explore_lite_msgs/cmake/explore_lite_msgs__rosidl_typesupport_cppExport.cmake
[5.464s] -- Installing: /home/czika-stefania/Documents/DyNAMO/DyNAMO/install/explore_lite_msgs/share/explore_lite_msgs/cmake/explore_lite_msgs__rosidl_typesupport_cppExport-noconfig.cmake
[5.464s] -- Installing: /home/czika-stefania/Documents/DyNAMO/DyNAMO/install/explore_lite_msgs/share/explore_lite_msgs/cmake/export_explore_lite_msgs__rosidl_generator_pyExport.cmake
[5.464s] -- Installing: /home/czika-stefania/Documents/DyNAMO/DyNAMO/install/explore_lite_msgs/share/explore_lite_msgs/cmake/export_explore_lite_msgs__rosidl_generator_pyExport-noconfig.cmake
[5.464s] -- Installing: /home/czika-stefania/Documents/DyNAMO/DyNAMO/install/explore_lite_msgs/share/explore_lite_msgs/cmake/rosidl_cmake-extras.cmake
[5.464s] -- Installing: /home/czika-stefania/Documents/DyNAMO/DyNAMO/install/explore_lite_msgs/share/explore_lite_msgs/cmake/ament_cmake_export_include_directories-extras.cmake
[5.464s] -- Installing: /home/czika-stefania/Documents/DyNAMO/DyNAMO/install/explore_lite_msgs/share/explore_lite_msgs/cmake/ament_cmake_export_libraries-extras.cmake
[5.464s] -- Installing: /home/czika-stefania/Documents/DyNAMO/DyNAMO/install/explore_lite_msgs/share/explore_lite_msgs/cmake/ament_cmake_export_targets-extras.cmake
[5.464s] -- Installing: /home/czika-stefania/Documents/DyNAMO/DyNAMO/install/explore_lite_msgs/share/explore_lite_msgs/cmake/rosidl_cmake_export_typesupport_targets-extras.cmake
[5.465s] -- Installing: /home/czika-stefania/Documents/DyNAMO/DyNAMO/install/explore_lite_msgs/share/explore_lite_msgs/cmake/ament_cmake_export_dependencies-extras.cmake
[5.465s] -- Installing: /home/czika-stefania/Documents/DyNAMO/DyNAMO/install/explore_lite_msgs/share/explore_lite_msgs/cmake/rosidl_cmake_export_typesupport_libraries-extras.cmake
[5.465s] -- Installing: /home/czika-stefania/Documents/DyNAMO/DyNAMO/install/explore_lite_msgs/share/explore_lite_msgs/cmake/explore_lite_msgsConfig.cmake
[5.465s] -- Installing: /home/czika-stefania/Documents/DyNAMO/DyNAMO/install/explore_lite_msgs/share/explore_lite_msgs/cmake/explore_lite_msgsConfig-version.cmake
[5.465s] -- Installing: /home/czika-stefania/Documents/DyNAMO/DyNAMO/install/explore_lite_msgs/share/explore_lite_msgs/package.xml
[5.468s] Invoked command in '/home/czika-stefania/Documents/DyNAMO/DyNAMO/build/explore_lite_msgs' returned '0': CMAKE_PREFIX_PATH=${CMAKE_PREFIX_PATH}:/home/czika-stefania/Documents/DyNAMO/DyNAMO/install/ridgeback_frontier_exploration:/opt/ros/jazzy DEBUGINFOD_URLS=https://debuginfod.ubuntu.com /usr/bin/cmake --install /home/czika-stefania/Documents/DyNAMO/DyNAMO/build/explore_lite_msgs
