[0.941s] Invoking command in '/home/czika-stefania/Documents/DyNAMO/DyNAMO/src/ridgeback_frontier_exploration': DEBUGINFOD_URLS=https://debuginfod.ubuntu.com PYTHONPATH=/home/czika-stefania/Documents/DyNAMO/DyNAMO/build/ridgeback_frontier_exploration/prefix_override:/usr/lib/python3/dist-packages/colcon_core/task/python/colcon_distutils_commands:/home/czika-stefania/Documents/DyNAMO/DyNAMO/install/ridgeback_frontier_exploration/lib/python3.12/site-packages:${PYTHONPATH} /usr/bin/python3 -W ignore:setup.py install is deprecated -W ignore:easy_install command is deprecated setup.py egg_info --egg-base ../../build/ridgeback_frontier_exploration build --build-base /home/czika-stefania/Documents/DyNAMO/DyNAMO/build/ridgeback_frontier_exploration/build install --record /home/czika-stefania/Documents/DyNAMO/DyNAMO/build/ridgeback_frontier_exploration/install.log --single-version-externally-managed install_data
[1.250s] running egg_info
[1.251s] creating ../../build/ridgeback_frontier_exploration/ridgeback_frontier_exploration.egg-info
[1.272s] writing ../../build/ridgeback_frontier_exploration/ridgeback_frontier_exploration.egg-info/PKG-INFO
[1.272s] writing dependency_links to ../../build/ridgeback_frontier_exploration/ridgeback_frontier_exploration.egg-info/dependency_links.txt
[1.272s] writing entry points to ../../build/ridgeback_frontier_exploration/ridgeback_frontier_exploration.egg-info/entry_points.txt
[1.273s] writing requirements to ../../build/ridgeback_frontier_exploration/ridgeback_frontier_exploration.egg-info/requires.txt
[1.273s] writing top-level names to ../../build/ridgeback_frontier_exploration/ridgeback_frontier_exploration.egg-info/top_level.txt
[1.273s] writing manifest file '../../build/ridgeback_frontier_exploration/ridgeback_frontier_exploration.egg-info/SOURCES.txt'
[1.316s] reading manifest file '../../build/ridgeback_frontier_exploration/ridgeback_frontier_exploration.egg-info/SOURCES.txt'
[1.317s] writing manifest file '../../build/ridgeback_frontier_exploration/ridgeback_frontier_exploration.egg-info/SOURCES.txt'
[1.317s] running build
[1.317s] running build_py
[1.317s] creating /home/czika-stefania/Documents/DyNAMO/DyNAMO/build/ridgeback_frontier_exploration/build
[1.317s] creating /home/czika-stefania/Documents/DyNAMO/DyNAMO/build/ridgeback_frontier_exploration/build/lib
[1.317s] creating /home/czika-stefania/Documents/DyNAMO/DyNAMO/build/ridgeback_frontier_exploration/build/lib/ridgeback_frontier_exploration
[1.317s] copying ridgeback_frontier_exploration/odom_tf_pub.py -> /home/czika-stefania/Documents/DyNAMO/DyNAMO/build/ridgeback_frontier_exploration/build/lib/ridgeback_frontier_exploration
[1.318s] copying ridgeback_frontier_exploration/__init__.py -> /home/czika-stefania/Documents/DyNAMO/DyNAMO/build/ridgeback_frontier_exploration/build/lib/ridgeback_frontier_exploration
[1.318s] running install
[1.325s] running install_lib
[1.347s] creating /home/czika-stefania/Documents/DyNAMO/DyNAMO/install/ridgeback_frontier_exploration/lib/python3.12/site-packages/ridgeback_frontier_exploration
[1.347s] copying /home/czika-stefania/Documents/DyNAMO/DyNAMO/build/ridgeback_frontier_exploration/build/lib/ridgeback_frontier_exploration/odom_tf_pub.py -> /home/czika-stefania/Documents/DyNAMO/DyNAMO/install/ridgeback_frontier_exploration/lib/python3.12/site-packages/ridgeback_frontier_exploration
[1.347s] copying /home/czika-stefania/Documents/DyNAMO/DyNAMO/build/ridgeback_frontier_exploration/build/lib/ridgeback_frontier_exploration/__init__.py -> /home/czika-stefania/Documents/DyNAMO/DyNAMO/install/ridgeback_frontier_exploration/lib/python3.12/site-packages/ridgeback_frontier_exploration
[1.348s] byte-compiling /home/czika-stefania/Documents/DyNAMO/DyNAMO/install/ridgeback_frontier_exploration/lib/python3.12/site-packages/ridgeback_frontier_exploration/odom_tf_pub.py to odom_tf_pub.cpython-312.pyc
[1.349s] byte-compiling /home/czika-stefania/Documents/DyNAMO/DyNAMO/install/ridgeback_frontier_exploration/lib/python3.12/site-packages/ridgeback_frontier_exploration/__init__.py to __init__.cpython-312.pyc
[1.349s] running install_data
[1.349s] creating /home/czika-stefania/Documents/DyNAMO/DyNAMO/install/ridgeback_frontier_exploration/share/ament_index
[1.349s] creating /home/czika-stefania/Documents/DyNAMO/DyNAMO/install/ridgeback_frontier_exploration/share/ament_index/resource_index
[1.349s] creating /home/czika-stefania/Documents/DyNAMO/DyNAMO/install/ridgeback_frontier_exploration/share/ament_index/resource_index/packages
[1.349s] copying resource/ridgeback_frontier_exploration -> /home/czika-stefania/Documents/DyNAMO/DyNAMO/install/ridgeback_frontier_exploration/share/ament_index/resource_index/packages
[1.349s] copying package.xml -> /home/czika-stefania/Documents/DyNAMO/DyNAMO/install/ridgeback_frontier_exploration/share/ridgeback_frontier_exploration
[1.349s] creating /home/czika-stefania/Documents/DyNAMO/DyNAMO/install/ridgeback_frontier_exploration/share/ridgeback_frontier_exploration/launch
[1.349s] copying launch/sim_base_launch.py -> /home/czika-stefania/Documents/DyNAMO/DyNAMO/install/ridgeback_frontier_exploration/share/ridgeback_frontier_exploration/launch
[1.350s] copying launch/frontier_exploration_lidar_only_launch.py -> /home/czika-stefania/Documents/DyNAMO/DyNAMO/install/ridgeback_frontier_exploration/share/ridgeback_frontier_exploration/launch
[1.350s] creating /home/czika-stefania/Documents/DyNAMO/DyNAMO/install/ridgeback_frontier_exploration/share/ridgeback_frontier_exploration/models
[1.350s] copying models/red_sphere.sdf -> /home/czika-stefania/Documents/DyNAMO/DyNAMO/install/ridgeback_frontier_exploration/share/ridgeback_frontier_exploration/models
[1.350s] creating /home/czika-stefania/Documents/DyNAMO/DyNAMO/install/ridgeback_frontier_exploration/share/ridgeback_frontier_exploration/urdf
[1.350s] copying urdf/lidar_extras.urdf.xacro -> /home/czika-stefania/Documents/DyNAMO/DyNAMO/install/ridgeback_frontier_exploration/share/ridgeback_frontier_exploration/urdf
[1.350s] copying urdf/camera_extras.urdf.xacro -> /home/czika-stefania/Documents/DyNAMO/DyNAMO/install/ridgeback_frontier_exploration/share/ridgeback_frontier_exploration/urdf
[1.350s] copying urdf/empty.urdf -> /home/czika-stefania/Documents/DyNAMO/DyNAMO/install/ridgeback_frontier_exploration/share/ridgeback_frontier_exploration/urdf
[1.350s] copying urdf/ridgeback.gazebo -> /home/czika-stefania/Documents/DyNAMO/DyNAMO/install/ridgeback_frontier_exploration/share/ridgeback_frontier_exploration/urdf
[1.350s] copying urdf/accessories.urdf.xacro -> /home/czika-stefania/Documents/DyNAMO/DyNAMO/install/ridgeback_frontier_exploration/share/ridgeback_frontier_exploration/urdf
[1.350s] copying urdf/ridgeback.urdf.xacro -> /home/czika-stefania/Documents/DyNAMO/DyNAMO/install/ridgeback_frontier_exploration/share/ridgeback_frontier_exploration/urdf
[1.351s] creating /home/czika-stefania/Documents/DyNAMO/DyNAMO/install/ridgeback_frontier_exploration/share/ridgeback_frontier_exploration/urdf/configs
[1.351s] copying urdf/configs/base -> /home/czika-stefania/Documents/DyNAMO/DyNAMO/install/ridgeback_frontier_exploration/share/ridgeback_frontier_exploration/urdf/configs
[1.351s] copying urdf/configs/dual_hokuyo_lasers -> /home/czika-stefania/Documents/DyNAMO/DyNAMO/install/ridgeback_frontier_exploration/share/ridgeback_frontier_exploration/urdf/configs
[1.351s] copying urdf/configs/empty -> /home/czika-stefania/Documents/DyNAMO/DyNAMO/install/ridgeback_frontier_exploration/share/ridgeback_frontier_exploration/urdf/configs
[1.351s] copying urdf/configs/dual_sick_lasers -> /home/czika-stefania/Documents/DyNAMO/DyNAMO/install/ridgeback_frontier_exploration/share/ridgeback_frontier_exploration/urdf/configs
[1.351s] copying urdf/configs/base_sick -> /home/czika-stefania/Documents/DyNAMO/DyNAMO/install/ridgeback_frontier_exploration/share/ridgeback_frontier_exploration/urdf/configs
[1.351s] creating /home/czika-stefania/Documents/DyNAMO/DyNAMO/install/ridgeback_frontier_exploration/share/ridgeback_frontier_exploration/urdf/accessories
[1.351s] copying urdf/accessories/microstrain_imu.urdf.xacro -> /home/czika-stefania/Documents/DyNAMO/DyNAMO/install/ridgeback_frontier_exploration/share/ridgeback_frontier_exploration/urdf/accessories
[1.351s] copying urdf/accessories/hokuyo_ust-10lx_mount.urdf.xacro -> /home/czika-stefania/Documents/DyNAMO/DyNAMO/install/ridgeback_frontier_exploration/share/ridgeback_frontier_exploration/urdf/accessories
[1.351s] copying urdf/accessories/sick_lms1xx_mount.urdf.xacro -> /home/czika-stefania/Documents/DyNAMO/DyNAMO/install/ridgeback_frontier_exploration/share/ridgeback_frontier_exploration/urdf/accessories
[1.351s] copying urdf/accessories/sick_s300_mount.urdf.xacro -> /home/czika-stefania/Documents/DyNAMO/DyNAMO/install/ridgeback_frontier_exploration/share/ridgeback_frontier_exploration/urdf/accessories
[1.351s] creating /home/czika-stefania/Documents/DyNAMO/DyNAMO/install/ridgeback_frontier_exploration/share/ridgeback_frontier_exploration/meshes
[1.352s] copying meshes/body-collision.stl -> /home/czika-stefania/Documents/DyNAMO/DyNAMO/install/ridgeback_frontier_exploration/share/ridgeback_frontier_exploration/meshes
[1.352s] copying meshes/rocker.stl -> /home/czika-stefania/Documents/DyNAMO/DyNAMO/install/ridgeback_frontier_exploration/share/ridgeback_frontier_exploration/meshes
[1.352s] copying meshes/top.stl -> /home/czika-stefania/Documents/DyNAMO/DyNAMO/install/ridgeback_frontier_exploration/share/ridgeback_frontier_exploration/meshes
[1.352s] copying meshes/wheel.stl -> /home/czika-stefania/Documents/DyNAMO/DyNAMO/install/ridgeback_frontier_exploration/share/ridgeback_frontier_exploration/meshes
[1.352s] copying meshes/end-cover.stl -> /home/czika-stefania/Documents/DyNAMO/DyNAMO/install/ridgeback_frontier_exploration/share/ridgeback_frontier_exploration/meshes
[1.352s] copying meshes/ust-10lx.stl -> /home/czika-stefania/Documents/DyNAMO/DyNAMO/install/ridgeback_frontier_exploration/share/ridgeback_frontier_exploration/meshes
[1.352s] copying meshes/lights.stl -> /home/czika-stefania/Documents/DyNAMO/DyNAMO/install/ridgeback_frontier_exploration/share/ridgeback_frontier_exploration/meshes
[1.352s] copying meshes/body.stl -> /home/czika-stefania/Documents/DyNAMO/DyNAMO/install/ridgeback_frontier_exploration/share/ridgeback_frontier_exploration/meshes
[1.352s] copying meshes/3dm-gxX.stl -> /home/czika-stefania/Documents/DyNAMO/DyNAMO/install/ridgeback_frontier_exploration/share/ridgeback_frontier_exploration/meshes
[1.352s] copying meshes/side-cover.stl -> /home/czika-stefania/Documents/DyNAMO/DyNAMO/install/ridgeback_frontier_exploration/share/ridgeback_frontier_exploration/meshes
[1.352s] copying meshes/axle.stl -> /home/czika-stefania/Documents/DyNAMO/DyNAMO/install/ridgeback_frontier_exploration/share/ridgeback_frontier_exploration/meshes
[1.352s] creating /home/czika-stefania/Documents/DyNAMO/DyNAMO/install/ridgeback_frontier_exploration/share/ridgeback_frontier_exploration/worlds
[1.352s] copying worlds/hospital.sdf -> /home/czika-stefania/Documents/DyNAMO/DyNAMO/install/ridgeback_frontier_exploration/share/ridgeback_frontier_exploration/worlds
[1.352s] creating /home/czika-stefania/Documents/DyNAMO/DyNAMO/install/ridgeback_frontier_exploration/share/ridgeback_frontier_exploration/materials
[1.353s] creating /home/czika-stefania/Documents/DyNAMO/DyNAMO/install/ridgeback_frontier_exploration/share/ridgeback_frontier_exploration/materials/textures
[1.353s] copying materials/textures/floor.png -> /home/czika-stefania/Documents/DyNAMO/DyNAMO/install/ridgeback_frontier_exploration/share/ridgeback_frontier_exploration/materials/textures
[1.353s] creating /home/czika-stefania/Documents/DyNAMO/DyNAMO/install/ridgeback_frontier_exploration/share/ridgeback_frontier_exploration/config
[1.353s] copying config/slam_params.yaml -> /home/czika-stefania/Documents/DyNAMO/DyNAMO/install/ridgeback_frontier_exploration/share/ridgeback_frontier_exploration/config
[1.353s] copying config/nav2_params.yaml -> /home/czika-stefania/Documents/DyNAMO/DyNAMO/install/ridgeback_frontier_exploration/share/ridgeback_frontier_exploration/config
[1.353s] copying config/explore.yaml -> /home/czika-stefania/Documents/DyNAMO/DyNAMO/install/ridgeback_frontier_exploration/share/ridgeback_frontier_exploration/config
[1.353s] creating /home/czika-stefania/Documents/DyNAMO/DyNAMO/install/ridgeback_frontier_exploration/share/ridgeback_frontier_exploration/rviz
[1.353s] copying rviz/nav2_view.rviz -> /home/czika-stefania/Documents/DyNAMO/DyNAMO/install/ridgeback_frontier_exploration/share/ridgeback_frontier_exploration/rviz
[1.353s] running install_egg_info
[1.376s] Copying ../../build/ridgeback_frontier_exploration/ridgeback_frontier_exploration.egg-info to /home/czika-stefania/Documents/DyNAMO/DyNAMO/install/ridgeback_frontier_exploration/lib/python3.12/site-packages/ridgeback_frontier_exploration-0.0.0-py3.12.egg-info
[1.377s] running install_scripts
[1.523s] Installing odom_tf_pub script to /home/czika-stefania/Documents/DyNAMO/DyNAMO/install/ridgeback_frontier_exploration/lib/ridgeback_frontier_exploration
[1.523s] writing list of installed files to '/home/czika-stefania/Documents/DyNAMO/DyNAMO/build/ridgeback_frontier_exploration/install.log'
[1.552s] Invoked command in '/home/czika-stefania/Documents/DyNAMO/DyNAMO/src/ridgeback_frontier_exploration' returned '0': DEBUGINFOD_URLS=https://debuginfod.ubuntu.com PYTHONPATH=/home/czika-stefania/Documents/DyNAMO/DyNAMO/build/ridgeback_frontier_exploration/prefix_override:/usr/lib/python3/dist-packages/colcon_core/task/python/colcon_distutils_commands:/home/czika-stefania/Documents/DyNAMO/DyNAMO/install/ridgeback_frontier_exploration/lib/python3.12/site-packages:${PYTHONPATH} /usr/bin/python3 -W ignore:setup.py install is deprecated -W ignore:easy_install command is deprecated setup.py egg_info --egg-base ../../build/ridgeback_frontier_exploration build --build-base /home/czika-stefania/Documents/DyNAMO/DyNAMO/build/ridgeback_frontier_exploration/build install --record /home/czika-stefania/Documents/DyNAMO/DyNAMO/build/ridgeback_frontier_exploration/install.log --single-version-externally-managed install_data
