[0.468s] Invoking command in '/home/czika-stefania/Documents/DyNAMO/DyNAMO/src/ridgeback_frontier_exploration': DEBUGINFOD_URLS=https://debuginfod.ubuntu.com PYTHONPATH=/home/czika-stefania/Documents/DyNAMO/DyNAMO/build/ridgeback_frontier_exploration/prefix_override:/usr/lib/python3/dist-packages/colcon_core/task/python/colcon_distutils_commands:/home/czika-stefania/Documents/DyNAMO/DyNAMO/install/ridgeback_frontier_exploration/lib/python3.12/site-packages:${PYTHONPATH} /usr/bin/python3 -W ignore:setup.py install is deprecated -W ignore:easy_install command is deprecated setup.py egg_info --egg-base ../../build/ridgeback_frontier_exploration build --build-base /home/czika-stefania/Documents/DyNAMO/DyNAMO/build/ridgeback_frontier_exploration/build install --record /home/czika-stefania/Documents/DyNAMO/DyNAMO/build/ridgeback_frontier_exploration/install.log --single-version-externally-managed install_data
[0.622s] running egg_info
[0.634s] writing ../../build/ridgeback_frontier_exploration/ridgeback_frontier_exploration.egg-info/PKG-INFO
[0.634s] writing dependency_links to ../../build/ridgeback_frontier_exploration/ridgeback_frontier_exploration.egg-info/dependency_links.txt
[0.634s] writing entry points to ../../build/ridgeback_frontier_exploration/ridgeback_frontier_exploration.egg-info/entry_points.txt
[0.634s] writing requirements to ../../build/ridgeback_frontier_exploration/ridgeback_frontier_exploration.egg-info/requires.txt
[0.634s] writing top-level names to ../../build/ridgeback_frontier_exploration/ridgeback_frontier_exploration.egg-info/top_level.txt
[0.656s] reading manifest file '../../build/ridgeback_frontier_exploration/ridgeback_frontier_exploration.egg-info/SOURCES.txt'
[0.657s] writing manifest file '../../build/ridgeback_frontier_exploration/ridgeback_frontier_exploration.egg-info/SOURCES.txt'
[0.657s] running build
[0.657s] running build_py
[0.657s] running install
[0.661s] running install_lib
[0.672s] running install_data
[0.673s] running install_egg_info
[0.685s] removing '/home/czika-stefania/Documents/DyNAMO/DyNAMO/install/ridgeback_frontier_exploration/lib/python3.12/site-packages/ridgeback_frontier_exploration-0.0.0-py3.12.egg-info' (and everything under it)
[0.685s] Copying ../../build/ridgeback_frontier_exploration/ridgeback_frontier_exploration.egg-info to /home/czika-stefania/Documents/DyNAMO/DyNAMO/install/ridgeback_frontier_exploration/lib/python3.12/site-packages/ridgeback_frontier_exploration-0.0.0-py3.12.egg-info
[0.685s] running install_scripts
[0.761s] Installing odom_tf_pub script to /home/czika-stefania/Documents/DyNAMO/DyNAMO/install/ridgeback_frontier_exploration/lib/ridgeback_frontier_exploration
[0.761s] writing list of installed files to '/home/czika-stefania/Documents/DyNAMO/DyNAMO/build/ridgeback_frontier_exploration/install.log'
[0.776s] Invoked command in '/home/czika-stefania/Documents/DyNAMO/DyNAMO/src/ridgeback_frontier_exploration' returned '0': DEBUGINFOD_URLS=https://debuginfod.ubuntu.com PYTHONPATH=/home/czika-stefania/Documents/DyNAMO/DyNAMO/build/ridgeback_frontier_exploration/prefix_override:/usr/lib/python3/dist-packages/colcon_core/task/python/colcon_distutils_commands:/home/czika-stefania/Documents/DyNAMO/DyNAMO/install/ridgeback_frontier_exploration/lib/python3.12/site-packages:${PYTHONPATH} /usr/bin/python3 -W ignore:setup.py install is deprecated -W ignore:easy_install command is deprecated setup.py egg_info --egg-base ../../build/ridgeback_frontier_exploration build --build-base /home/czika-stefania/Documents/DyNAMO/DyNAMO/build/ridgeback_frontier_exploration/build install --record /home/czika-stefania/Documents/DyNAMO/DyNAMO/build/ridgeback_frontier_exploration/install.log --single-version-externally-managed install_data
