[0.011s] Invoking command in '/home/czika-stefania/Documents/DyNAMO/DyNAMO/build/explore_lite': AMENT_PREFIX_PATH=/home/czika-stefania/Documents/DyNAMO/DyNAMO/install/explore_lite_msgs:${AMENT_PREFIX_PATH} CMAKE_PREFIX_PATH=/home/czika-stefania/Documents/DyNAMO/DyNAMO/install/explore_lite_msgs:/opt/ros/jazzy/opt/gz_sim_vendor:/opt/ros/jazzy/opt/gz_sensors_vendor:/opt/ros/jazzy/opt/gz_physics_vendor:/opt/ros/jazzy/opt/sdformat_vendor:/opt/ros/jazzy/opt/gz_gui_vendor:/opt/ros/jazzy/opt/gz_transport_vendor:/opt/ros/jazzy/opt/gz_rendering_vendor:/opt/ros/jazzy/opt/gz_plugin_vendor:/opt/ros/jazzy/opt/gz_fuel_tools_vendor:/opt/ros/jazzy/opt/gz_msgs_vendor:/opt/ros/jazzy/opt/gz_common_vendor:/opt/ros/jazzy/opt/gz_math_vendor:/opt/ros/jazzy/opt/gz_utils_vendor:/opt/ros/jazzy/opt/gz_tools_vendor:/opt/ros/jazzy/opt/gz_ogre_next_vendor:/opt/ros/jazzy/opt/gz_dartsim_vendor:/opt/ros/jazzy/opt/gz_cmake_vendor:/home/czika-stefania/Documents/DyNAMO/DyNAMO/install/ridgeback_frontier_exploration:/opt/ros/jazzy DEBUGINFOD_URLS=https://debuginfod.ubuntu.com LD_LIBRARY_PATH=/home/czika-stefania/Documents/DyNAMO/DyNAMO/install/explore_lite_msgs/lib:${LD_LIBRARY_PATH} PYTHONPATH=/home/czika-stefania/Documents/DyNAMO/DyNAMO/install/explore_lite_msgs/lib/python3.12/site-packages:${PYTHONPATH} /usr/bin/cmake /home/czika-stefania/Documents/DyNAMO/DyNAMO/src/m-explore-ros2/explore -DCMAKE_INSTALL_PREFIX=/home/czika-stefania/Documents/DyNAMO/DyNAMO/install/explore_lite
[0.090s] -- The C compiler identification is GNU 13.3.0
[0.150s] -- The CXX compiler identification is GNU 13.3.0
[0.170s] -- Detecting C compiler ABI info
[0.279s] -- Detecting C compiler ABI info - done
[0.287s] -- Check for working C compiler: /usr/bin/cc - skipped
[0.287s] -- Detecting C compile features
[0.287s] -- Detecting C compile features - done
[0.300s] -- Detecting CXX compiler ABI info
[0.405s] -- Detecting CXX compiler ABI info - done
[0.413s] -- Check for working CXX compiler: /usr/bin/c++ - skipped
[0.413s] -- Detecting CXX compile features
[0.414s] -- Detecting CXX compile features - done
[0.414s] -- BuilD for ROS2: jazzy
[0.417s] -- Found ament_cmake: 2.5.5 (/opt/ros/jazzy/share/ament_cmake/cmake)
[0.568s] -- Found Python3: /usr/bin/python3 (found version "3.12.3") found components: Interpreter 
[0.680s] -- Found rclcpp: 28.1.16 (/opt/ros/jazzy/share/rclcpp/cmake)
[0.730s] -- Found rosidl_generator_c: 4.6.7 (/opt/ros/jazzy/share/rosidl_generator_c/cmake)
[0.745s] -- Found rosidl_generator_cpp: 4.6.7 (/opt/ros/jazzy/share/rosidl_generator_cpp/cmake)
[0.762s] -- Using all available rosidl_typesupport_c: rosidl_typesupport_fastrtps_c;rosidl_typesupport_introspection_c
[0.782s] -- Using all available rosidl_typesupport_cpp: rosidl_typesupport_fastrtps_cpp;rosidl_typesupport_introspection_cpp
[0.864s] -- Found rmw_implementation_cmake: 7.3.3 (/opt/ros/jazzy/share/rmw_implementation_cmake/cmake)
[0.869s] -- Found rmw_fastrtps_cpp: 8.4.3 (/opt/ros/jazzy/share/rmw_fastrtps_cpp/cmake)
[0.958s] -- Found OpenSSL: /usr/lib/x86_64-linux-gnu/libcrypto.so (found version "3.0.13")  
[0.981s] -- Found FastRTPS: /opt/ros/jazzy/include (Required is at least version "2.13") 
[1.003s] -- Using RMW implementation 'rmw_fastrtps_cpp' as default
[1.078s] -- Found std_msgs: 5.3.6 (/opt/ros/jazzy/share/std_msgs/cmake)
[1.091s] -- Found sensor_msgs: 5.3.6 (/opt/ros/jazzy/share/sensor_msgs/cmake)
[1.129s] -- Found tf2_ros: 0.36.19 (/opt/ros/jazzy/share/tf2_ros/cmake)
[1.257s] -- Found tf2_geometry_msgs: 0.36.19 (/opt/ros/jazzy/share/tf2_geometry_msgs/cmake)
[1.274s] -- Found eigen3_cmake_module: 0.3.0 (/opt/ros/jazzy/share/eigen3_cmake_module/cmake)
[1.275s] -- Found Eigen3: TRUE (found version "3.4.0") 
[1.275s] -- Ensuring Eigen3 include directory is part of orocos-kdl CMake target
[1.279s] -- Found nav2_msgs: 1.3.10 (/opt/ros/jazzy/share/nav2_msgs/cmake)
[1.383s] -- Found map_msgs: 2.4.1 (/opt/ros/jazzy/share/map_msgs/cmake)
[1.412s] -- Found visualization_msgs: 5.3.6 (/opt/ros/jazzy/share/visualization_msgs/cmake)
[1.438s] -- Found nav2_costmap_2d: 1.3.10 (/opt/ros/jazzy/share/nav2_costmap_2d/cmake)
[1.572s] -- Found explore_lite_msgs: 1.0.0 (/home/czika-stefania/Documents/DyNAMO/DyNAMO/install/explore_lite_msgs/share/explore_lite_msgs/cmake)
[1.582s] -- Found ament_lint_auto: 0.17.4 (/opt/ros/jazzy/share/ament_lint_auto/cmake)
[1.685s] -- Found ament_cmake_gtest: 2.5.5 (/opt/ros/jazzy/share/ament_cmake_gtest/cmake)
[1.688s] -- Found gtest sources under '/opt/ros/jazzy/src/gtest_vendor': C++ tests using 'Google Test' will be built
[1.691s] -- Performing Test CMAKE_HAVE_LIBC_PTHREAD
[1.772s] -- Performing Test CMAKE_HAVE_LIBC_PTHREAD - Success
[1.773s] -- Found Threads: TRUE  
[1.777s] -- Added test 'cppcheck' to perform static code analysis on C / C++ code
[1.777s] -- Configured cppcheck include dirs: /home/czika-stefania/Documents/DyNAMO/DyNAMO/src/m-explore-ros2/explore/include;$<BUILD_INTERFACE:/home/czika-stefania/Documents/DyNAMO/DyNAMO/src/m-explore-ros2/explore/include>
[1.777s] -- Configured cppcheck exclude dirs and/or files: 
[1.778s] -- Added test 'flake8' to check Python code syntax and style conventions
[1.778s] -- Configured 'flake8' exclude dirs and/or files: 
[1.779s] -- Added test 'lint_cmake' to check CMake code style
[1.780s] -- Added test 'pep257' to check Python code against some of the docstring style conventions in PEP 257
[1.781s] -- Added test 'uncrustify' to check C / C++ code style
[1.781s] -- Configured uncrustify additional arguments: 
[1.783s] -- Added test 'xmllint' to check XML markup files
[1.785s] -- Configuring done (1.8s)
[1.807s] -- Generating done (0.0s)
[1.813s] -- Build files have been written to: /home/czika-stefania/Documents/DyNAMO/DyNAMO/build/explore_lite
[1.828s] Invoked command in '/home/czika-stefania/Documents/DyNAMO/DyNAMO/build/explore_lite' returned '0': AMENT_PREFIX_PATH=/home/czika-stefania/Documents/DyNAMO/DyNAMO/install/explore_lite_msgs:${AMENT_PREFIX_PATH} CMAKE_PREFIX_PATH=/home/czika-stefania/Documents/DyNAMO/DyNAMO/install/explore_lite_msgs:/opt/ros/jazzy/opt/gz_sim_vendor:/opt/ros/jazzy/opt/gz_sensors_vendor:/opt/ros/jazzy/opt/gz_physics_vendor:/opt/ros/jazzy/opt/sdformat_vendor:/opt/ros/jazzy/opt/gz_gui_vendor:/opt/ros/jazzy/opt/gz_transport_vendor:/opt/ros/jazzy/opt/gz_rendering_vendor:/opt/ros/jazzy/opt/gz_plugin_vendor:/opt/ros/jazzy/opt/gz_fuel_tools_vendor:/opt/ros/jazzy/opt/gz_msgs_vendor:/opt/ros/jazzy/opt/gz_common_vendor:/opt/ros/jazzy/opt/gz_math_vendor:/opt/ros/jazzy/opt/gz_utils_vendor:/opt/ros/jazzy/opt/gz_tools_vendor:/opt/ros/jazzy/opt/gz_ogre_next_vendor:/opt/ros/jazzy/opt/gz_dartsim_vendor:/opt/ros/jazzy/opt/gz_cmake_vendor:/home/czika-stefania/Documents/DyNAMO/DyNAMO/install/ridgeback_frontier_exploration:/opt/ros/jazzy DEBUGINFOD_URLS=https://debuginfod.ubuntu.com LD_LIBRARY_PATH=/home/czika-stefania/Documents/DyNAMO/DyNAMO/install/explore_lite_msgs/lib:${LD_LIBRARY_PATH} PYTHONPATH=/home/czika-stefania/Documents/DyNAMO/DyNAMO/install/explore_lite_msgs/lib/python3.12/site-packages:${PYTHONPATH} /usr/bin/cmake /home/czika-stefania/Documents/DyNAMO/DyNAMO/src/m-explore-ros2/explore -DCMAKE_INSTALL_PREFIX=/home/czika-stefania/Documents/DyNAMO/DyNAMO/install/explore_lite
[1.829s] Invoking command in '/home/czika-stefania/Documents/DyNAMO/DyNAMO/build/explore_lite': AMENT_PREFIX_PATH=/home/czika-stefania/Documents/DyNAMO/DyNAMO/install/explore_lite_msgs:${AMENT_PREFIX_PATH} CMAKE_PREFIX_PATH=/home/czika-stefania/Documents/DyNAMO/DyNAMO/install/explore_lite_msgs:/opt/ros/jazzy/opt/gz_sim_vendor:/opt/ros/jazzy/opt/gz_sensors_vendor:/opt/ros/jazzy/opt/gz_physics_vendor:/opt/ros/jazzy/opt/sdformat_vendor:/opt/ros/jazzy/opt/gz_gui_vendor:/opt/ros/jazzy/opt/gz_transport_vendor:/opt/ros/jazzy/opt/gz_rendering_vendor:/opt/ros/jazzy/opt/gz_plugin_vendor:/opt/ros/jazzy/opt/gz_fuel_tools_vendor:/opt/ros/jazzy/opt/gz_msgs_vendor:/opt/ros/jazzy/opt/gz_common_vendor:/opt/ros/jazzy/opt/gz_math_vendor:/opt/ros/jazzy/opt/gz_utils_vendor:/opt/ros/jazzy/opt/gz_tools_vendor:/opt/ros/jazzy/opt/gz_ogre_next_vendor:/opt/ros/jazzy/opt/gz_dartsim_vendor:/opt/ros/jazzy/opt/gz_cmake_vendor:/home/czika-stefania/Documents/DyNAMO/DyNAMO/install/ridgeback_frontier_exploration:/opt/ros/jazzy DEBUGINFOD_URLS=https://debuginfod.ubuntu.com LD_LIBRARY_PATH=/home/czika-stefania/Documents/DyNAMO/DyNAMO/install/explore_lite_msgs/lib:${LD_LIBRARY_PATH} PYTHONPATH=/home/czika-stefania/Documents/DyNAMO/DyNAMO/install/explore_lite_msgs/lib/python3.12/site-packages:${PYTHONPATH} /usr/bin/cmake --build /home/czika-stefania/Documents/DyNAMO/DyNAMO/build/explore_lite -- -j20 -l20
[1.887s] [ 10%] [32mBuilding CXX object CMakeFiles/explore.dir/src/explore.cpp.o[0m
[1.891s] [ 30%] [32mBuilding CXX object CMakeFiles/explore.dir/src/costmap_client.cpp.o[0m
[1.891s] [ 30%] [32mBuilding CXX object CMakeFiles/explore.dir/src/frontier_search.cpp.o[0m
[1.893s] [ 40%] [32mBuilding CXX object gtest/CMakeFiles/gtest.dir/src/gtest-all.cc.o[0m
[1.893s] [ 50%] [32mBuilding CXX object gtest/CMakeFiles/gtest_main.dir/src/gtest_main.cc.o[0m
[2.524s] [ 60%] [32m[1mLinking CXX static library libgtest_main.a[0m
[2.571s] [ 60%] Built target gtest_main
[5.249s] [ 70%] [32m[1mLinking CXX static library libgtest.a[0m
[5.313s] [ 70%] Built target gtest
[5.342s] [ 80%] [32mBuilding CXX object CMakeFiles/test_explore.dir/test/test_explore.cpp.o[0m
[6.282s] [ 90%] [32m[1mLinking CXX executable test_explore[0m
[6.424s] [ 90%] Built target test_explore
[14.848s] [100%] [32m[1mLinking CXX executable explore[0m
[15.948s] [100%] Built target explore
[15.959s] Invoked command in '/home/czika-stefania/Documents/DyNAMO/DyNAMO/build/explore_lite' returned '0': AMENT_PREFIX_PATH=/home/czika-stefania/Documents/DyNAMO/DyNAMO/install/explore_lite_msgs:${AMENT_PREFIX_PATH} CMAKE_PREFIX_PATH=/home/czika-stefania/Documents/DyNAMO/DyNAMO/install/explore_lite_msgs:/opt/ros/jazzy/opt/gz_sim_vendor:/opt/ros/jazzy/opt/gz_sensors_vendor:/opt/ros/jazzy/opt/gz_physics_vendor:/opt/ros/jazzy/opt/sdformat_vendor:/opt/ros/jazzy/opt/gz_gui_vendor:/opt/ros/jazzy/opt/gz_transport_vendor:/opt/ros/jazzy/opt/gz_rendering_vendor:/opt/ros/jazzy/opt/gz_plugin_vendor:/opt/ros/jazzy/opt/gz_fuel_tools_vendor:/opt/ros/jazzy/opt/gz_msgs_vendor:/opt/ros/jazzy/opt/gz_common_vendor:/opt/ros/jazzy/opt/gz_math_vendor:/opt/ros/jazzy/opt/gz_utils_vendor:/opt/ros/jazzy/opt/gz_tools_vendor:/opt/ros/jazzy/opt/gz_ogre_next_vendor:/opt/ros/jazzy/opt/gz_dartsim_vendor:/opt/ros/jazzy/opt/gz_cmake_vendor:/home/czika-stefania/Documents/DyNAMO/DyNAMO/install/ridgeback_frontier_exploration:/opt/ros/jazzy DEBUGINFOD_URLS=https://debuginfod.ubuntu.com LD_LIBRARY_PATH=/home/czika-stefania/Documents/DyNAMO/DyNAMO/install/explore_lite_msgs/lib:${LD_LIBRARY_PATH} PYTHONPATH=/home/czika-stefania/Documents/DyNAMO/DyNAMO/install/explore_lite_msgs/lib/python3.12/site-packages:${PYTHONPATH} /usr/bin/cmake --build /home/czika-stefania/Documents/DyNAMO/DyNAMO/build/explore_lite -- -j20 -l20
[15.960s] Invoking command in '/home/czika-stefania/Documents/DyNAMO/DyNAMO/build/explore_lite': AMENT_PREFIX_PATH=/home/czika-stefania/Documents/DyNAMO/DyNAMO/install/explore_lite_msgs:${AMENT_PREFIX_PATH} CMAKE_PREFIX_PATH=/home/czika-stefania/Documents/DyNAMO/DyNAMO/install/explore_lite_msgs:/opt/ros/jazzy/opt/gz_sim_vendor:/opt/ros/jazzy/opt/gz_sensors_vendor:/opt/ros/jazzy/opt/gz_physics_vendor:/opt/ros/jazzy/opt/sdformat_vendor:/opt/ros/jazzy/opt/gz_gui_vendor:/opt/ros/jazzy/opt/gz_transport_vendor:/opt/ros/jazzy/opt/gz_rendering_vendor:/opt/ros/jazzy/opt/gz_plugin_vendor:/opt/ros/jazzy/opt/gz_fuel_tools_vendor:/opt/ros/jazzy/opt/gz_msgs_vendor:/opt/ros/jazzy/opt/gz_common_vendor:/opt/ros/jazzy/opt/gz_math_vendor:/opt/ros/jazzy/opt/gz_utils_vendor:/opt/ros/jazzy/opt/gz_tools_vendor:/opt/ros/jazzy/opt/gz_ogre_next_vendor:/opt/ros/jazzy/opt/gz_dartsim_vendor:/opt/ros/jazzy/opt/gz_cmake_vendor:/home/czika-stefania/Documents/DyNAMO/DyNAMO/install/ridgeback_frontier_exploration:/opt/ros/jazzy DEBUGINFOD_URLS=https://debuginfod.ubuntu.com LD_LIBRARY_PATH=/home/czika-stefania/Documents/DyNAMO/DyNAMO/install/explore_lite_msgs/lib:${LD_LIBRARY_PATH} PYTHONPATH=/home/czika-stefania/Documents/DyNAMO/DyNAMO/install/explore_lite_msgs/lib/python3.12/site-packages:${PYTHONPATH} /usr/bin/cmake --install /home/czika-stefania/Documents/DyNAMO/DyNAMO/build/explore_lite
[15.968s] -- Install configuration: ""
[15.969s] -- Installing: /home/czika-stefania/Documents/DyNAMO/DyNAMO/install/explore_lite/include/explore/
[15.969s] -- Installing: /home/czika-stefania/Documents/DyNAMO/DyNAMO/install/explore_lite/include/explore//costmap_tools.h
[15.969s] -- Installing: /home/czika-stefania/Documents/DyNAMO/DyNAMO/install/explore_lite/include/explore//explore.h
[15.969s] -- Installing: /home/czika-stefania/Documents/DyNAMO/DyNAMO/install/explore_lite/include/explore//costmap_client.h
[15.969s] -- Installing: /home/czika-stefania/Documents/DyNAMO/DyNAMO/install/explore_lite/include/explore//frontier_search.h
[15.969s] -- Installing: /home/czika-stefania/Documents/DyNAMO/DyNAMO/install/explore_lite/share/explore_lite/config
[15.969s] -- Installing: /home/czika-stefania/Documents/DyNAMO/DyNAMO/install/explore_lite/share/explore_lite/config/params.yaml
[15.969s] -- Installing: /home/czika-stefania/Documents/DyNAMO/DyNAMO/install/explore_lite/share/explore_lite/config/params_costmap.yaml
[15.969s] -- Installing: /home/czika-stefania/Documents/DyNAMO/DyNAMO/install/explore_lite/share/explore_lite/launch
[15.969s] -- Installing: /home/czika-stefania/Documents/DyNAMO/DyNAMO/install/explore_lite/share/explore_lite/launch/explore.launch.py
[15.969s] -- Installing: /home/czika-stefania/Documents/DyNAMO/DyNAMO/install/explore_lite/lib/explore_lite/explore
[15.976s] -- Set non-toolchain portion of runtime path of "/home/czika-stefania/Documents/DyNAMO/DyNAMO/install/explore_lite/lib/explore_lite/explore" to ""
[15.976s] -- Installing: /home/czika-stefania/Documents/DyNAMO/DyNAMO/install/explore_lite/share/ament_index/resource_index/package_run_dependencies/explore_lite
[15.976s] -- Installing: /home/czika-stefania/Documents/DyNAMO/DyNAMO/install/explore_lite/share/ament_index/resource_index/parent_prefix_path/explore_lite
[15.976s] -- Installing: /home/czika-stefania/Documents/DyNAMO/DyNAMO/install/explore_lite/share/explore_lite/environment/ament_prefix_path.sh
[15.976s] -- Installing: /home/czika-stefania/Documents/DyNAMO/DyNAMO/install/explore_lite/share/explore_lite/environment/ament_prefix_path.dsv
[15.976s] -- Installing: /home/czika-stefania/Documents/DyNAMO/DyNAMO/install/explore_lite/share/explore_lite/environment/path.sh
[15.976s] -- Installing: /home/czika-stefania/Documents/DyNAMO/DyNAMO/install/explore_lite/share/explore_lite/environment/path.dsv
[15.976s] -- Installing: /home/czika-stefania/Documents/DyNAMO/DyNAMO/install/explore_lite/share/explore_lite/local_setup.bash
[15.976s] -- Installing: /home/czika-stefania/Documents/DyNAMO/DyNAMO/install/explore_lite/share/explore_lite/local_setup.sh
[15.976s] -- Installing: /home/czika-stefania/Documents/DyNAMO/DyNAMO/install/explore_lite/share/explore_lite/local_setup.zsh
[15.976s] -- Installing: /home/czika-stefania/Documents/DyNAMO/DyNAMO/install/explore_lite/share/explore_lite/local_setup.dsv
[15.976s] -- Installing: /home/czika-stefania/Documents/DyNAMO/DyNAMO/install/explore_lite/share/explore_lite/package.dsv
[15.976s] -- Installing: /home/czika-stefania/Documents/DyNAMO/DyNAMO/install/explore_lite/share/ament_index/resource_index/packages/explore_lite
[15.977s] -- Installing: /home/czika-stefania/Documents/DyNAMO/DyNAMO/install/explore_lite/share/explore_lite/cmake/ament_cmake_export_dependencies-extras.cmake
[15.977s] -- Installing: /home/czika-stefania/Documents/DyNAMO/DyNAMO/install/explore_lite/share/explore_lite/cmake/ament_cmake_export_include_directories-extras.cmake
[15.977s] -- Installing: /home/czika-stefania/Documents/DyNAMO/DyNAMO/install/explore_lite/share/explore_lite/cmake/explore_liteConfig.cmake
[15.977s] -- Installing: /home/czika-stefania/Documents/DyNAMO/DyNAMO/install/explore_lite/share/explore_lite/cmake/explore_liteConfig-version.cmake
[15.977s] -- Installing: /home/czika-stefania/Documents/DyNAMO/DyNAMO/install/explore_lite/share/explore_lite/package.xml
[15.983s] Invoked command in '/home/czika-stefania/Documents/DyNAMO/DyNAMO/build/explore_lite' returned '0': AMENT_PREFIX_PATH=/home/czika-stefania/Documents/DyNAMO/DyNAMO/install/explore_lite_msgs:${AMENT_PREFIX_PATH} CMAKE_PREFIX_PATH=/home/czika-stefania/Documents/DyNAMO/DyNAMO/install/explore_lite_msgs:/opt/ros/jazzy/opt/gz_sim_vendor:/opt/ros/jazzy/opt/gz_sensors_vendor:/opt/ros/jazzy/opt/gz_physics_vendor:/opt/ros/jazzy/opt/sdformat_vendor:/opt/ros/jazzy/opt/gz_gui_vendor:/opt/ros/jazzy/opt/gz_transport_vendor:/opt/ros/jazzy/opt/gz_rendering_vendor:/opt/ros/jazzy/opt/gz_plugin_vendor:/opt/ros/jazzy/opt/gz_fuel_tools_vendor:/opt/ros/jazzy/opt/gz_msgs_vendor:/opt/ros/jazzy/opt/gz_common_vendor:/opt/ros/jazzy/opt/gz_math_vendor:/opt/ros/jazzy/opt/gz_utils_vendor:/opt/ros/jazzy/opt/gz_tools_vendor:/opt/ros/jazzy/opt/gz_ogre_next_vendor:/opt/ros/jazzy/opt/gz_dartsim_vendor:/opt/ros/jazzy/opt/gz_cmake_vendor:/home/czika-stefania/Documents/DyNAMO/DyNAMO/install/ridgeback_frontier_exploration:/opt/ros/jazzy DEBUGINFOD_URLS=https://debuginfod.ubuntu.com LD_LIBRARY_PATH=/home/czika-stefania/Documents/DyNAMO/DyNAMO/install/explore_lite_msgs/lib:${LD_LIBRARY_PATH} PYTHONPATH=/home/czika-stefania/Documents/DyNAMO/DyNAMO/install/explore_lite_msgs/lib/python3.12/site-packages:${PYTHONPATH} /usr/bin/cmake --install /home/czika-stefania/Documents/DyNAMO/DyNAMO/build/explore_lite
