[0.072s] DEBUG:colcon:Command line arguments: ['/usr/bin/colcon', 'build', '--packages-select', 'ridgeback_vision_detection', '--symlink-install']
[0.072s] DEBUG:colcon:Parsed command line arguments: Namespace(log_base=None, log_level=None, verb_name='build', build_base='build', install_base='install', merge_install=False, symlink_install=True, test_result_base=None, continue_on_error=False, executor='parallel', parallel_workers=12, event_handlers=None, ignore_user_meta=False, metas=['./colcon.meta'], base_paths=['.'], packages_ignore=None, packages_ignore_regex=None, paths=None, packages_up_to=None, packages_up_to_regex=None, packages_above=None, packages_above_and_dependencies=None, packages_above_depth=None, packages_select_by_dep=None, packages_skip_by_dep=None, packages_skip_up_to=None, packages_select_build_failed=False, packages_skip_build_finished=False, packages_select_test_failures=False, packages_skip_test_passed=False, packages_select=['ridgeback_vision_detection'], packages_skip=None, packages_select_regex=None, packages_skip_regex=None, packages_start=None, packages_end=None, allow_overriding=[], cmake_args=None, cmake_target=None, cmake_target_skip_unavailable=False, cmake_clean_cache=False, cmake_clean_first=False, cmake_force_configure=False, ament_cmake_args=None, catkin_cmake_args=None, catkin_skip_building_tests=False, verb_parser=<colcon_defaults.argument_parser.defaults.DefaultArgumentsDecorator object at 0x7b7a523d13d0>, verb_extension=<colcon_core.verb.build.BuildVerb object at 0x7b7a524d1b80>, main=<bound method BuildVerb.main of <colcon_core.verb.build.BuildVerb object at 0x7b7a524d1b80>>)
[0.097s] Level 1:colcon.colcon_core.package_discovery:discover_packages(colcon_meta) check parameters
[0.097s] Level 1:colcon.colcon_core.package_discovery:discover_packages(recursive) check parameters
[0.097s] Level 1:colcon.colcon_core.package_discovery:discover_packages(ignore) check parameters
[0.097s] Level 1:colcon.colcon_core.package_discovery:discover_packages(path) check parameters
[0.097s] Level 1:colcon.colcon_core.package_discovery:discover_packages(colcon_meta) discover
[0.097s] Level 1:colcon.colcon_core.package_discovery:discover_packages(recursive) discover
[0.097s] INFO:colcon.colcon_core.package_discovery:Crawling recursively for packages in '/home/pratham/vision_ws'
[0.097s] Level 1:colcon.colcon_core.package_identification:_identify(.) by extensions ['ignore', 'ignore_ament_install']
[0.097s] Level 1:colcon.colcon_core.package_identification:_identify(.) by extension 'ignore'
[0.097s] Level 1:colcon.colcon_core.package_identification:_identify(.) by extension 'ignore_ament_install'
[0.097s] Level 1:colcon.colcon_core.package_identification:_identify(.) by extensions ['colcon_pkg']
[0.097s] Level 1:colcon.colcon_core.package_identification:_identify(.) by extension 'colcon_pkg'
[0.097s] Level 1:colcon.colcon_core.package_identification:_identify(.) by extensions ['colcon_meta']
[0.097s] Level 1:colcon.colcon_core.package_identification:_identify(.) by extension 'colcon_meta'
[0.097s] Level 1:colcon.colcon_core.package_identification:_identify(.) by extensions ['ros']
[0.097s] Level 1:colcon.colcon_core.package_identification:_identify(.) by extension 'ros'
[0.114s] Level 1:colcon.colcon_core.package_identification:_identify(.) by extensions ['cmake', 'python']
[0.114s] Level 1:colcon.colcon_core.package_identification:_identify(.) by extension 'cmake'
[0.114s] Level 1:colcon.colcon_core.package_identification:_identify(.) by extension 'python'
[0.114s] Level 1:colcon.colcon_core.package_identification:_identify(.) by extensions ['python_setup_py']
[0.114s] Level 1:colcon.colcon_core.package_identification:_identify(.) by extension 'python_setup_py'
[0.114s] Level 1:colcon.colcon_core.package_identification:_identify(build) by extensions ['ignore', 'ignore_ament_install']
[0.114s] Level 1:colcon.colcon_core.package_identification:_identify(build) by extension 'ignore'
[0.114s] Level 1:colcon.colcon_core.package_identification:_identify(build) ignored
[0.114s] Level 1:colcon.colcon_core.package_identification:_identify(install) by extensions ['ignore', 'ignore_ament_install']
[0.114s] Level 1:colcon.colcon_core.package_identification:_identify(install) by extension 'ignore'
[0.114s] Level 1:colcon.colcon_core.package_identification:_identify(install) ignored
[0.114s] Level 1:colcon.colcon_core.package_identification:_identify(log) by extensions ['ignore', 'ignore_ament_install']
[0.114s] Level 1:colcon.colcon_core.package_identification:_identify(log) by extension 'ignore'
[0.114s] Level 1:colcon.colcon_core.package_identification:_identify(log) ignored
[0.114s] Level 1:colcon.colcon_core.package_identification:_identify(src) by extensions ['ignore', 'ignore_ament_install']
[0.114s] Level 1:colcon.colcon_core.package_identification:_identify(src) by extension 'ignore'
[0.114s] Level 1:colcon.colcon_core.package_identification:_identify(src) by extension 'ignore_ament_install'
[0.114s] Level 1:colcon.colcon_core.package_identification:_identify(src) by extensions ['colcon_pkg']
[0.114s] Level 1:colcon.colcon_core.package_identification:_identify(src) by extension 'colcon_pkg'
[0.114s] Level 1:colcon.colcon_core.package_identification:_identify(src) by extensions ['colcon_meta']
[0.114s] Level 1:colcon.colcon_core.package_identification:_identify(src) by extension 'colcon_meta'
[0.114s] Level 1:colcon.colcon_core.package_identification:_identify(src) by extensions ['ros']
[0.114s] Level 1:colcon.colcon_core.package_identification:_identify(src) by extension 'ros'
[0.114s] Level 1:colcon.colcon_core.package_identification:_identify(src) by extensions ['cmake', 'python']
[0.115s] Level 1:colcon.colcon_core.package_identification:_identify(src) by extension 'cmake'
[0.115s] Level 1:colcon.colcon_core.package_identification:_identify(src) by extension 'python'
[0.115s] Level 1:colcon.colcon_core.package_identification:_identify(src) by extensions ['python_setup_py']
[0.115s] Level 1:colcon.colcon_core.package_identification:_identify(src) by extension 'python_setup_py'
[0.115s] Level 1:colcon.colcon_core.package_identification:_identify(src/ball_follower) by extensions ['ignore', 'ignore_ament_install']
[0.115s] Level 1:colcon.colcon_core.package_identification:_identify(src/ball_follower) by extension 'ignore'
[0.115s] Level 1:colcon.colcon_core.package_identification:_identify(src/ball_follower) by extension 'ignore_ament_install'
[0.115s] Level 1:colcon.colcon_core.package_identification:_identify(src/ball_follower) by extensions ['colcon_pkg']
[0.115s] Level 1:colcon.colcon_core.package_identification:_identify(src/ball_follower) by extension 'colcon_pkg'
[0.115s] Level 1:colcon.colcon_core.package_identification:_identify(src/ball_follower) by extensions ['colcon_meta']
[0.115s] Level 1:colcon.colcon_core.package_identification:_identify(src/ball_follower) by extension 'colcon_meta'
[0.115s] Level 1:colcon.colcon_core.package_identification:_identify(src/ball_follower) by extensions ['ros']
[0.115s] Level 1:colcon.colcon_core.package_identification:_identify(src/ball_follower) by extension 'ros'
[0.116s] DEBUG:colcon.colcon_core.package_identification:Package 'src/ball_follower' with type 'ros.ament_python' and name 'ball_follower'
[0.116s] Level 1:colcon.colcon_core.package_identification:_identify(src/ridgeback_vision_detection) by extensions ['ignore', 'ignore_ament_install']
[0.116s] Level 1:colcon.colcon_core.package_identification:_identify(src/ridgeback_vision_detection) by extension 'ignore'
[0.117s] Level 1:colcon.colcon_core.package_identification:_identify(src/ridgeback_vision_detection) by extension 'ignore_ament_install'
[0.117s] Level 1:colcon.colcon_core.package_identification:_identify(src/ridgeback_vision_detection) by extensions ['colcon_pkg']
[0.117s] Level 1:colcon.colcon_core.package_identification:_identify(src/ridgeback_vision_detection) by extension 'colcon_pkg'
[0.117s] Level 1:colcon.colcon_core.package_identification:_identify(src/ridgeback_vision_detection) by extensions ['colcon_meta']
[0.117s] Level 1:colcon.colcon_core.package_identification:_identify(src/ridgeback_vision_detection) by extension 'colcon_meta'
[0.117s] Level 1:colcon.colcon_core.package_identification:_identify(src/ridgeback_vision_detection) by extensions ['ros']
[0.117s] Level 1:colcon.colcon_core.package_identification:_identify(src/ridgeback_vision_detection) by extension 'ros'
[0.117s] DEBUG:colcon.colcon_core.package_identification:Package 'src/ridgeback_vision_detection' with type 'ros.ament_python' and name 'ridgeback_vision_detection'
[0.117s] Level 1:colcon.colcon_core.package_discovery:discover_packages(recursive) using defaults
[0.117s] Level 1:colcon.colcon_core.package_discovery:discover_packages(ignore) discover
[0.117s] Level 1:colcon.colcon_core.package_discovery:discover_packages(ignore) using defaults
[0.117s] Level 1:colcon.colcon_core.package_discovery:discover_packages(path) discover
[0.117s] Level 1:colcon.colcon_core.package_discovery:discover_packages(path) using defaults
[0.129s] INFO:colcon.colcon_core.package_selection:Skipping not selected package 'ball_follower' in 'src/ball_follower'
[0.129s] Level 1:colcon.colcon_core.package_discovery:discover_packages(prefix_path) check parameters
[0.129s] Level 1:colcon.colcon_core.package_discovery:discover_packages(prefix_path) discover
[0.131s] DEBUG:colcon.colcon_installed_package_information.package_discovery:Found 1 installed packages in /home/pratham/g1_follow_ws/install
[0.132s] DEBUG:colcon.colcon_installed_package_information.package_discovery:Found 44 installed packages in /home/pratham/nav2_ws/install
[0.134s] DEBUG:colcon.colcon_installed_package_information.package_discovery:Found 531 installed packages in /opt/ros/jazzy
[0.136s] Level 1:colcon.colcon_core.package_discovery:discover_packages(prefix_path) using defaults
[0.184s] Level 5:colcon.colcon_core.verb:set package 'ridgeback_vision_detection' build argument 'cmake_args' from command line to 'None'
[0.184s] Level 5:colcon.colcon_core.verb:set package 'ridgeback_vision_detection' build argument 'cmake_target' from command line to 'None'
[0.184s] Level 5:colcon.colcon_core.verb:set package 'ridgeback_vision_detection' build argument 'cmake_target_skip_unavailable' from command line to 'False'
[0.184s] Level 5:colcon.colcon_core.verb:set package 'ridgeback_vision_detection' build argument 'cmake_clean_cache' from command line to 'False'
[0.184s] Level 5:colcon.colcon_core.verb:set package 'ridgeback_vision_detection' build argument 'cmake_clean_first' from command line to 'False'
[0.184s] Level 5:colcon.colcon_core.verb:set package 'ridgeback_vision_detection' build argument 'cmake_force_configure' from command line to 'False'
[0.184s] Level 5:colcon.colcon_core.verb:set package 'ridgeback_vision_detection' build argument 'ament_cmake_args' from command line to 'None'
[0.184s] Level 5:colcon.colcon_core.verb:set package 'ridgeback_vision_detection' build argument 'catkin_cmake_args' from command line to 'None'
[0.184s] Level 5:colcon.colcon_core.verb:set package 'ridgeback_vision_detection' build argument 'catkin_skip_building_tests' from command line to 'False'
[0.184s] DEBUG:colcon.colcon_core.verb:Building package 'ridgeback_vision_detection' with the following arguments: {'ament_cmake_args': None, 'build_base': '/home/pratham/vision_ws/build/ridgeback_vision_detection', 'catkin_cmake_args': None, 'catkin_skip_building_tests': False, 'cmake_args': None, 'cmake_clean_cache': False, 'cmake_clean_first': False, 'cmake_force_configure': False, 'cmake_target': None, 'cmake_target_skip_unavailable': False, 'install_base': '/home/pratham/vision_ws/install/ridgeback_vision_detection', 'merge_install': False, 'path': '/home/pratham/vision_ws/src/ridgeback_vision_detection', 'symlink_install': True, 'test_result_base': None}
[0.184s] INFO:colcon.colcon_core.executor:Executing jobs using 'parallel' executor
[0.185s] DEBUG:colcon.colcon_parallel_executor.executor.parallel:run_until_complete
[0.186s] INFO:colcon.colcon_ros.task.ament_python.build:Building ROS package in '/home/pratham/vision_ws/src/ridgeback_vision_detection' with build type 'ament_python'
[0.186s] Level 1:colcon.colcon_core.shell:create_environment_hook('ridgeback_vision_detection', 'ament_prefix_path')
[0.188s] INFO:colcon.colcon_core.plugin_system:Skipping extension 'colcon_core.shell.bat': Not used on non-Windows systems
[0.188s] INFO:colcon.colcon_core.shell:Creating environment hook '/home/pratham/vision_ws/install/ridgeback_vision_detection/share/ridgeback_vision_detection/hook/ament_prefix_path.ps1'
[0.189s] INFO:colcon.colcon_core.shell:Creating environment descriptor '/home/pratham/vision_ws/install/ridgeback_vision_detection/share/ridgeback_vision_detection/hook/ament_prefix_path.dsv'
[0.189s] INFO:colcon.colcon_core.shell:Creating environment hook '/home/pratham/vision_ws/install/ridgeback_vision_detection/share/ridgeback_vision_detection/hook/ament_prefix_path.sh'
[0.190s] INFO:colcon.colcon_core.shell:Skip shell extension 'powershell' for command environment: Not usable outside of PowerShell
[0.190s] DEBUG:colcon.colcon_core.shell:Skip shell extension 'dsv' for command environment
[0.355s] INFO:colcon.colcon_core.task.python.build:Building Python package in '/home/pratham/vision_ws/src/ridgeback_vision_detection'
[0.355s] INFO:colcon.colcon_core.shell:Skip shell extension 'powershell' for command environment: Not usable outside of PowerShell
[0.355s] DEBUG:colcon.colcon_core.shell:Skip shell extension 'dsv' for command environment
[0.805s] DEBUG:colcon.colcon_core.event_handler.log_command:Invoking command in '/home/pratham/vision_ws/build/ridgeback_vision_detection': DEBUGINFOD_URLS=https://debuginfod.ubuntu.com PYTHONPATH=/home/pratham/vision_ws/build/ridgeback_vision_detection/prefix_override:/usr/lib/python3/dist-packages/colcon_core/task/python/colcon_distutils_commands:/home/pratham/vision_ws/install/ridgeback_vision_detection/lib/python3.12/site-packages:${PYTHONPATH} /usr/bin/python3 -W ignore:setup.py install is deprecated -W ignore:easy_install command is deprecated setup.py develop --editable --build-directory /home/pratham/vision_ws/build/ridgeback_vision_detection/build --no-deps symlink_data
[1.305s] Level 1:colcon.colcon_core.shell:create_environment_hook('ridgeback_vision_detection', 'pythonpath_develop')
[1.305s] INFO:colcon.colcon_core.shell:Creating environment hook '/home/pratham/vision_ws/build/ridgeback_vision_detection/share/ridgeback_vision_detection/hook/pythonpath_develop.ps1'
[1.306s] DEBUG:colcon.colcon_core.event_handler.log_command:Invoked command in '/home/pratham/vision_ws/build/ridgeback_vision_detection' returned '0': DEBUGINFOD_URLS=https://debuginfod.ubuntu.com PYTHONPATH=/home/pratham/vision_ws/build/ridgeback_vision_detection/prefix_override:/usr/lib/python3/dist-packages/colcon_core/task/python/colcon_distutils_commands:/home/pratham/vision_ws/install/ridgeback_vision_detection/lib/python3.12/site-packages:${PYTHONPATH} /usr/bin/python3 -W ignore:setup.py install is deprecated -W ignore:easy_install command is deprecated setup.py develop --editable --build-directory /home/pratham/vision_ws/build/ridgeback_vision_detection/build --no-deps symlink_data
[1.306s] INFO:colcon.colcon_core.shell:Creating environment descriptor '/home/pratham/vision_ws/build/ridgeback_vision_detection/share/ridgeback_vision_detection/hook/pythonpath_develop.dsv'
[1.307s] INFO:colcon.colcon_core.shell:Creating environment hook '/home/pratham/vision_ws/build/ridgeback_vision_detection/share/ridgeback_vision_detection/hook/pythonpath_develop.sh'
[1.309s] Level 1:colcon.colcon_core.environment:checking '/home/pratham/vision_ws/install/ridgeback_vision_detection' for CMake module files
[1.310s] Level 1:colcon.colcon_core.environment:checking '/home/pratham/vision_ws/install/ridgeback_vision_detection' for CMake config files
[1.311s] Level 1:colcon.colcon_core.environment:checking '/home/pratham/vision_ws/install/ridgeback_vision_detection/lib'
[1.311s] Level 1:colcon.colcon_core.environment:checking '/home/pratham/vision_ws/install/ridgeback_vision_detection/bin'
[1.311s] Level 1:colcon.colcon_core.environment:checking '/home/pratham/vision_ws/install/ridgeback_vision_detection/lib/pkgconfig/ridgeback_vision_detection.pc'
[1.312s] Level 1:colcon.colcon_core.environment:checking '/home/pratham/vision_ws/install/ridgeback_vision_detection/lib/python3.12/site-packages'
[1.312s] Level 1:colcon.colcon_core.shell:create_environment_hook('ridgeback_vision_detection', 'pythonpath')
[1.312s] INFO:colcon.colcon_core.shell:Creating environment hook '/home/pratham/vision_ws/install/ridgeback_vision_detection/share/ridgeback_vision_detection/hook/pythonpath.ps1'
[1.312s] INFO:colcon.colcon_core.shell:Creating environment descriptor '/home/pratham/vision_ws/install/ridgeback_vision_detection/share/ridgeback_vision_detection/hook/pythonpath.dsv'
[1.313s] INFO:colcon.colcon_core.shell:Creating environment hook '/home/pratham/vision_ws/install/ridgeback_vision_detection/share/ridgeback_vision_detection/hook/pythonpath.sh'
[1.314s] Level 1:colcon.colcon_core.environment:checking '/home/pratham/vision_ws/install/ridgeback_vision_detection/bin'
[1.314s] Level 1:colcon.colcon_core.environment:create_environment_scripts_only(ridgeback_vision_detection)
[1.314s] INFO:colcon.colcon_core.shell:Creating package script '/home/pratham/vision_ws/install/ridgeback_vision_detection/share/ridgeback_vision_detection/package.ps1'
[1.315s] INFO:colcon.colcon_core.shell:Creating package descriptor '/home/pratham/vision_ws/install/ridgeback_vision_detection/share/ridgeback_vision_detection/package.dsv'
[1.315s] INFO:colcon.colcon_core.shell:Creating package script '/home/pratham/vision_ws/install/ridgeback_vision_detection/share/ridgeback_vision_detection/package.sh'
[1.316s] INFO:colcon.colcon_core.shell:Creating package script '/home/pratham/vision_ws/install/ridgeback_vision_detection/share/ridgeback_vision_detection/package.bash'
[1.316s] INFO:colcon.colcon_core.shell:Creating package script '/home/pratham/vision_ws/install/ridgeback_vision_detection/share/ridgeback_vision_detection/package.zsh'
[1.316s] Level 1:colcon.colcon_core.environment:create_file_with_runtime_dependencies(/home/pratham/vision_ws/install/ridgeback_vision_detection/share/colcon-core/packages/ridgeback_vision_detection)
[1.317s] DEBUG:colcon.colcon_parallel_executor.executor.parallel:closing loop
[1.317s] DEBUG:colcon.colcon_parallel_executor.executor.parallel:loop closed
[1.317s] DEBUG:colcon.colcon_parallel_executor.executor.parallel:run_until_complete finished with '0'
[1.317s] DEBUG:colcon.colcon_core.event_reactor:joining thread
[1.323s] INFO:colcon.colcon_core.plugin_system:Skipping extension 'colcon_notification.desktop_notification.terminal_notifier': Not used on non-Darwin systems
[1.323s] INFO:colcon.colcon_core.plugin_system:Skipping extension 'colcon_notification.desktop_notification.win32': Not used on non-Windows systems
[1.323s] INFO:colcon.colcon_notification.desktop_notification:Sending desktop notification using 'notify2'
[1.337s] DEBUG:colcon.colcon_core.event_reactor:joined thread
[1.337s] INFO:colcon.colcon_core.shell:Creating prefix script '/home/pratham/vision_ws/install/local_setup.ps1'
[1.338s] INFO:colcon.colcon_core.shell:Creating prefix util module '/home/pratham/vision_ws/install/_local_setup_util_ps1.py'
[1.338s] INFO:colcon.colcon_core.shell:Creating prefix chain script '/home/pratham/vision_ws/install/setup.ps1'
[1.340s] INFO:colcon.colcon_core.shell:Creating prefix script '/home/pratham/vision_ws/install/local_setup.sh'
[1.340s] INFO:colcon.colcon_core.shell:Creating prefix util module '/home/pratham/vision_ws/install/_local_setup_util_sh.py'
[1.340s] INFO:colcon.colcon_core.shell:Creating prefix chain script '/home/pratham/vision_ws/install/setup.sh'
[1.341s] INFO:colcon.colcon_core.shell:Creating prefix script '/home/pratham/vision_ws/install/local_setup.bash'
[1.342s] INFO:colcon.colcon_core.shell:Creating prefix chain script '/home/pratham/vision_ws/install/setup.bash'
[1.343s] INFO:colcon.colcon_core.shell:Creating prefix script '/home/pratham/vision_ws/install/local_setup.zsh'
[1.344s] INFO:colcon.colcon_core.shell:Creating prefix chain script '/home/pratham/vision_ws/install/setup.zsh'
