running develop
running egg_info
creating ridgeback_vision_detection.egg-info
writing ridgeback_vision_detection.egg-info/PKG-INFO
writing dependency_links to ridgeback_vision_detection.egg-info/dependency_links.txt
writing entry points to ridgeback_vision_detection.egg-info/entry_points.txt
writing requirements to ridgeback_vision_detection.egg-info/requires.txt
writing top-level names to ridgeback_vision_detection.egg-info/top_level.txt
writing manifest file 'ridgeback_vision_detection.egg-info/SOURCES.txt'
reading manifest file 'ridgeback_vision_detection.egg-info/SOURCES.txt'
writing manifest file 'ridgeback_vision_detection.egg-info/SOURCES.txt'
running build_ext
Creating /home/pratham/vision_ws/install/ridgeback_vision_detection/lib/python3.12/site-packages/ridgeback-vision-detection.egg-link (link to .)
Installing detector script to /home/pratham/vision_ws/install/ridgeback_vision_detection/lib/ridgeback_vision_detection
Installing odom_tf_pub script to /home/pratham/vision_ws/install/ridgeback_vision_detection/lib/ridgeback_vision_detection
Installing test_pub script to /home/pratham/vision_ws/install/ridgeback_vision_detection/lib/ridgeback_vision_detection

Installed /home/pratham/vision_ws/build/ridgeback_vision_detection
running symlink_data
creating /home/pratham/vision_ws/install/ridgeback_vision_detection/share/ament_index
creating /home/pratham/vision_ws/install/ridgeback_vision_detection/share/ament_index/resource_index
creating /home/pratham/vision_ws/install/ridgeback_vision_detection/share/ament_index/resource_index/packages
symbolically linking /home/pratham/vision_ws/build/ridgeback_vision_detection/resource/ridgeback_vision_detection -> /home/pratham/vision_ws/install/ridgeback_vision_detection/share/ament_index/resource_index/packages
symbolically linking /home/pratham/vision_ws/build/ridgeback_vision_detection/package.xml -> /home/pratham/vision_ws/install/ridgeback_vision_detection/share/ridgeback_vision_detection
creating /home/pratham/vision_ws/install/ridgeback_vision_detection/share/ridgeback_vision_detection/launch
symbolically linking /home/pratham/vision_ws/build/ridgeback_vision_detection/launch/simple_launch.py -> /home/pratham/vision_ws/install/ridgeback_vision_detection/share/ridgeback_vision_detection/launch
symbolically linking /home/pratham/vision_ws/build/ridgeback_vision_detection/launch/ridgeback_detection_launch.py -> /home/pratham/vision_ws/install/ridgeback_vision_detection/share/ridgeback_vision_detection/launch
symbolically linking /home/pratham/vision_ws/build/ridgeback_vision_detection/launch/detection_launch.py -> /home/pratham/vision_ws/install/ridgeback_vision_detection/share/ridgeback_vision_detection/launch
creating /home/pratham/vision_ws/install/ridgeback_vision_detection/share/ridgeback_vision_detection/models
symbolically linking /home/pratham/vision_ws/build/ridgeback_vision_detection/models/red_sphere.sdf -> /home/pratham/vision_ws/install/ridgeback_vision_detection/share/ridgeback_vision_detection/models
creating /home/pratham/vision_ws/install/ridgeback_vision_detection/share/ridgeback_vision_detection/urdf
symbolically linking /home/pratham/vision_ws/build/ridgeback_vision_detection/urdf/ridgeback.urdf.xacro -> /home/pratham/vision_ws/install/ridgeback_vision_detection/share/ridgeback_vision_detection/urdf
symbolically linking /home/pratham/vision_ws/build/ridgeback_vision_detection/urdf/lidar_extras.urdf.xacro -> /home/pratham/vision_ws/install/ridgeback_vision_detection/share/ridgeback_vision_detection/urdf
symbolically linking /home/pratham/vision_ws/build/ridgeback_vision_detection/urdf/ridgeback.gazebo -> /home/pratham/vision_ws/install/ridgeback_vision_detection/share/ridgeback_vision_detection/urdf
symbolically linking /home/pratham/vision_ws/build/ridgeback_vision_detection/urdf/accessories.urdf.xacro -> /home/pratham/vision_ws/install/ridgeback_vision_detection/share/ridgeback_vision_detection/urdf
symbolically linking /home/pratham/vision_ws/build/ridgeback_vision_detection/urdf/empty.urdf -> /home/pratham/vision_ws/install/ridgeback_vision_detection/share/ridgeback_vision_detection/urdf
symbolically linking /home/pratham/vision_ws/build/ridgeback_vision_detection/urdf/camera_extras.urdf.xacro -> /home/pratham/vision_ws/install/ridgeback_vision_detection/share/ridgeback_vision_detection/urdf
creating /home/pratham/vision_ws/install/ridgeback_vision_detection/share/ridgeback_vision_detection/urdf/accessories
symbolically linking /home/pratham/vision_ws/build/ridgeback_vision_detection/urdf/accessories/hokuyo_ust-10lx_mount.urdf.xacro -> /home/pratham/vision_ws/install/ridgeback_vision_detection/share/ridgeback_vision_detection/urdf/accessories
symbolically linking /home/pratham/vision_ws/build/ridgeback_vision_detection/urdf/accessories/microstrain_imu.urdf.xacro -> /home/pratham/vision_ws/install/ridgeback_vision_detection/share/ridgeback_vision_detection/urdf/accessories
symbolically linking /home/pratham/vision_ws/build/ridgeback_vision_detection/urdf/accessories/sick_s300_mount.urdf.xacro -> /home/pratham/vision_ws/install/ridgeback_vision_detection/share/ridgeback_vision_detection/urdf/accessories
symbolically linking /home/pratham/vision_ws/build/ridgeback_vision_detection/urdf/accessories/sick_lms1xx_mount.urdf.xacro -> /home/pratham/vision_ws/install/ridgeback_vision_detection/share/ridgeback_vision_detection/urdf/accessories
creating /home/pratham/vision_ws/install/ridgeback_vision_detection/share/ridgeback_vision_detection/urdf/configs
symbolically linking /home/pratham/vision_ws/build/ridgeback_vision_detection/urdf/configs/base_sick -> /home/pratham/vision_ws/install/ridgeback_vision_detection/share/ridgeback_vision_detection/urdf/configs
symbolically linking /home/pratham/vision_ws/build/ridgeback_vision_detection/urdf/configs/base -> /home/pratham/vision_ws/install/ridgeback_vision_detection/share/ridgeback_vision_detection/urdf/configs
symbolically linking /home/pratham/vision_ws/build/ridgeback_vision_detection/urdf/configs/dual_sick_lasers -> /home/pratham/vision_ws/install/ridgeback_vision_detection/share/ridgeback_vision_detection/urdf/configs
symbolically linking /home/pratham/vision_ws/build/ridgeback_vision_detection/urdf/configs/empty -> /home/pratham/vision_ws/install/ridgeback_vision_detection/share/ridgeback_vision_detection/urdf/configs
symbolically linking /home/pratham/vision_ws/build/ridgeback_vision_detection/urdf/configs/dual_hokuyo_lasers -> /home/pratham/vision_ws/install/ridgeback_vision_detection/share/ridgeback_vision_detection/urdf/configs
creating /home/pratham/vision_ws/install/ridgeback_vision_detection/share/ridgeback_vision_detection/meshes
symbolically linking /home/pratham/vision_ws/build/ridgeback_vision_detection/meshes/ust-10lx.stl -> /home/pratham/vision_ws/install/ridgeback_vision_detection/share/ridgeback_vision_detection/meshes
symbolically linking /home/pratham/vision_ws/build/ridgeback_vision_detection/meshes/top.stl -> /home/pratham/vision_ws/install/ridgeback_vision_detection/share/ridgeback_vision_detection/meshes
symbolically linking /home/pratham/vision_ws/build/ridgeback_vision_detection/meshes/axle.stl -> /home/pratham/vision_ws/install/ridgeback_vision_detection/share/ridgeback_vision_detection/meshes
symbolically linking /home/pratham/vision_ws/build/ridgeback_vision_detection/meshes/body-collision.stl -> /home/pratham/vision_ws/install/ridgeback_vision_detection/share/ridgeback_vision_detection/meshes
symbolically linking /home/pratham/vision_ws/build/ridgeback_vision_detection/meshes/rocker.stl -> /home/pratham/vision_ws/install/ridgeback_vision_detection/share/ridgeback_vision_detection/meshes
symbolically linking /home/pratham/vision_ws/build/ridgeback_vision_detection/meshes/wheel.stl -> /home/pratham/vision_ws/install/ridgeback_vision_detection/share/ridgeback_vision_detection/meshes
symbolically linking /home/pratham/vision_ws/build/ridgeback_vision_detection/meshes/body.stl -> /home/pratham/vision_ws/install/ridgeback_vision_detection/share/ridgeback_vision_detection/meshes
symbolically linking /home/pratham/vision_ws/build/ridgeback_vision_detection/meshes/lights.stl -> /home/pratham/vision_ws/install/ridgeback_vision_detection/share/ridgeback_vision_detection/meshes
symbolically linking /home/pratham/vision_ws/build/ridgeback_vision_detection/meshes/side-cover.stl -> /home/pratham/vision_ws/install/ridgeback_vision_detection/share/ridgeback_vision_detection/meshes
symbolically linking /home/pratham/vision_ws/build/ridgeback_vision_detection/meshes/end-cover.stl -> /home/pratham/vision_ws/install/ridgeback_vision_detection/share/ridgeback_vision_detection/meshes
symbolically linking /home/pratham/vision_ws/build/ridgeback_vision_detection/meshes/3dm-gxX.stl -> /home/pratham/vision_ws/install/ridgeback_vision_detection/share/ridgeback_vision_detection/meshes
creating /home/pratham/vision_ws/install/ridgeback_vision_detection/share/ridgeback_vision_detection/worlds
symbolically linking /home/pratham/vision_ws/build/ridgeback_vision_detection/worlds/hospital.sdf -> /home/pratham/vision_ws/install/ridgeback_vision_detection/share/ridgeback_vision_detection/worlds
symbolically linking /home/pratham/vision_ws/build/ridgeback_vision_detection/worlds/warehouse.sdf -> /home/pratham/vision_ws/install/ridgeback_vision_detection/share/ridgeback_vision_detection/worlds
creating /home/pratham/vision_ws/install/ridgeback_vision_detection/share/ridgeback_vision_detection/materials
creating /home/pratham/vision_ws/install/ridgeback_vision_detection/share/ridgeback_vision_detection/materials/textures
symbolically linking /home/pratham/vision_ws/build/ridgeback_vision_detection/materials/textures/floor.png -> /home/pratham/vision_ws/install/ridgeback_vision_detection/share/ridgeback_vision_detection/materials/textures
creating /home/pratham/vision_ws/install/ridgeback_vision_detection/share/ridgeback_vision_detection/config
symbolically linking /home/pratham/vision_ws/build/ridgeback_vision_detection/config/nav2_params.yaml -> /home/pratham/vision_ws/install/ridgeback_vision_detection/share/ridgeback_vision_detection/config
symbolically linking /home/pratham/vision_ws/build/ridgeback_vision_detection/config/slam_params.yaml -> /home/pratham/vision_ws/install/ridgeback_vision_detection/share/ridgeback_vision_detection/config
creating /home/pratham/vision_ws/install/ridgeback_vision_detection/share/ridgeback_vision_detection/rviz
symbolically linking /home/pratham/vision_ws/build/ridgeback_vision_detection/rviz/nav2_view.rviz -> /home/pratham/vision_ws/install/ridgeback_vision_detection/share/ridgeback_vision_detection/rviz
