[0.088s] DEBUG:colcon:Command line arguments: ['/usr/bin/colcon', 'build', '--packages-up-to', 'explore_lite']
[0.088s] DEBUG:colcon:Parsed command line arguments: Namespace(log_base=None, log_level=None, verb_name='build', build_base='build', install_base='install', merge_install=False, symlink_install=False, test_result_base=None, continue_on_error=False, executor='parallel', parallel_workers=20, event_handlers=None, ignore_user_meta=False, metas=['./colcon.meta'], base_paths=['.'], packages_ignore=None, packages_ignore_regex=None, paths=None, packages_up_to=['explore_lite'], packages_up_to_regex=None, packages_above=None, packages_above_and_dependencies=None, packages_above_depth=None, packages_select_by_dep=None, packages_skip_by_dep=None, packages_skip_up_to=None, packages_select_build_failed=False, packages_skip_build_finished=False, packages_select_test_failures=False, packages_skip_test_passed=False, packages_select=None, packages_skip=None, packages_select_regex=None, packages_skip_regex=None, packages_start=None, packages_end=None, allow_overriding=[], cmake_args=None, cmake_target=None, cmake_target_skip_unavailable=False, cmake_clean_cache=False, cmake_clean_first=False, cmake_force_configure=False, ament_cmake_args=None, catkin_cmake_args=None, catkin_skip_building_tests=False, mixin_files=None, mixin=None, verb_parser=<colcon_mixin.mixin.mixin_argument.MixinArgumentDecorator object at 0x748dc5aa0d70>, verb_extension=<colcon_core.verb.build.BuildVerb object at 0x748dc5aa09b0>, main=<bound method BuildVerb.main of <colcon_core.verb.build.BuildVerb object at 0x748dc5aa09b0>>, mixin_verb=('build',))
[0.121s] Level 1:colcon.colcon_core.package_discovery:discover_packages(colcon_meta) check parameters
[0.121s] Level 1:colcon.colcon_core.package_discovery:discover_packages(recursive) check parameters
[0.121s] Level 1:colcon.colcon_core.package_discovery:discover_packages(ignore) check parameters
[0.121s] Level 1:colcon.colcon_core.package_discovery:discover_packages(path) check parameters
[0.121s] Level 1:colcon.colcon_core.package_discovery:discover_packages(colcon_meta) discover
[0.121s] Level 1:colcon.colcon_core.package_discovery:discover_packages(recursive) discover
[0.121s] INFO:colcon.colcon_core.package_discovery:Crawling recursively for packages in '/home/czika-stefania/Documents/DyNAMO/DyNAMO'
[0.121s] Level 1:colcon.colcon_core.package_identification:_identify(.) by extensions ['ignore', 'ignore_ament_install']
[0.121s] Level 1:colcon.colcon_core.package_identification:_identify(.) by extension 'ignore'
[0.121s] Level 1:colcon.colcon_core.package_identification:_identify(.) by extension 'ignore_ament_install'
[0.121s] Level 1:colcon.colcon_core.package_identification:_identify(.) by extensions ['colcon_pkg']
[0.121s] Level 1:colcon.colcon_core.package_identification:_identify(.) by extension 'colcon_pkg'
[0.121s] Level 1:colcon.colcon_core.package_identification:_identify(.) by extensions ['colcon_meta']
[0.121s] Level 1:colcon.colcon_core.package_identification:_identify(.) by extension 'colcon_meta'
[0.121s] Level 1:colcon.colcon_core.package_identification:_identify(.) by extensions ['ros']
[0.121s] Level 1:colcon.colcon_core.package_identification:_identify(.) by extension 'ros'
[0.144s] Level 1:colcon.colcon_core.package_identification:_identify(.) by extensions ['cmake', 'python']
[0.144s] Level 1:colcon.colcon_core.package_identification:_identify(.) by extension 'cmake'
[0.144s] Level 1:colcon.colcon_core.package_identification:_identify(.) by extension 'python'
[0.144s] Level 1:colcon.colcon_core.package_identification:_identify(.) by extensions ['python_setup_py']
[0.144s] Level 1:colcon.colcon_core.package_identification:_identify(.) by extension 'python_setup_py'
[0.144s] Level 1:colcon.colcon_core.package_identification:_identify(build) by extensions ['ignore', 'ignore_ament_install']
[0.144s] Level 1:colcon.colcon_core.package_identification:_identify(build) by extension 'ignore'
[0.144s] Level 1:colcon.colcon_core.package_identification:_identify(build) ignored
[0.144s] Level 1:colcon.colcon_core.package_identification:_identify(install) by extensions ['ignore', 'ignore_ament_install']
[0.145s] Level 1:colcon.colcon_core.package_identification:_identify(install) by extension 'ignore'
[0.145s] Level 1:colcon.colcon_core.package_identification:_identify(install) ignored
[0.145s] Level 1:colcon.colcon_core.package_identification:_identify(log) by extensions ['ignore', 'ignore_ament_install']
[0.145s] Level 1:colcon.colcon_core.package_identification:_identify(log) by extension 'ignore'
[0.145s] Level 1:colcon.colcon_core.package_identification:_identify(log) ignored
[0.145s] Level 1:colcon.colcon_core.package_identification:_identify(src) by extensions ['ignore', 'ignore_ament_install']
[0.145s] Level 1:colcon.colcon_core.package_identification:_identify(src) by extension 'ignore'
[0.145s] Level 1:colcon.colcon_core.package_identification:_identify(src) by extension 'ignore_ament_install'
[0.145s] Level 1:colcon.colcon_core.package_identification:_identify(src) by extensions ['colcon_pkg']
[0.145s] Level 1:colcon.colcon_core.package_identification:_identify(src) by extension 'colcon_pkg'
[0.145s] Level 1:colcon.colcon_core.package_identification:_identify(src) by extensions ['colcon_meta']
[0.145s] Level 1:colcon.colcon_core.package_identification:_identify(src) by extension 'colcon_meta'
[0.145s] Level 1:colcon.colcon_core.package_identification:_identify(src) by extensions ['ros']
[0.145s] Level 1:colcon.colcon_core.package_identification:_identify(src) by extension 'ros'
[0.145s] Level 1:colcon.colcon_core.package_identification:_identify(src) by extensions ['cmake', 'python']
[0.145s] Level 1:colcon.colcon_core.package_identification:_identify(src) by extension 'cmake'
[0.145s] Level 1:colcon.colcon_core.package_identification:_identify(src) by extension 'python'
[0.145s] Level 1:colcon.colcon_core.package_identification:_identify(src) by extensions ['python_setup_py']
[0.145s] Level 1:colcon.colcon_core.package_identification:_identify(src) by extension 'python_setup_py'
[0.145s] Level 1:colcon.colcon_core.package_identification:_identify(src/m-explore-ros2) by extensions ['ignore', 'ignore_ament_install']
[0.146s] Level 1:colcon.colcon_core.package_identification:_identify(src/m-explore-ros2) by extension 'ignore'
[0.146s] Level 1:colcon.colcon_core.package_identification:_identify(src/m-explore-ros2) by extension 'ignore_ament_install'
[0.146s] Level 1:colcon.colcon_core.package_identification:_identify(src/m-explore-ros2) by extensions ['colcon_pkg']
[0.146s] Level 1:colcon.colcon_core.package_identification:_identify(src/m-explore-ros2) by extension 'colcon_pkg'
[0.146s] Level 1:colcon.colcon_core.package_identification:_identify(src/m-explore-ros2) by extensions ['colcon_meta']
[0.146s] Level 1:colcon.colcon_core.package_identification:_identify(src/m-explore-ros2) by extension 'colcon_meta'
[0.146s] Level 1:colcon.colcon_core.package_identification:_identify(src/m-explore-ros2) by extensions ['ros']
[0.146s] Level 1:colcon.colcon_core.package_identification:_identify(src/m-explore-ros2) by extension 'ros'
[0.146s] Level 1:colcon.colcon_core.package_identification:_identify(src/m-explore-ros2) by extensions ['cmake', 'python']
[0.146s] Level 1:colcon.colcon_core.package_identification:_identify(src/m-explore-ros2) by extension 'cmake'
[0.146s] Level 1:colcon.colcon_core.package_identification:_identify(src/m-explore-ros2) by extension 'python'
[0.146s] Level 1:colcon.colcon_core.package_identification:_identify(src/m-explore-ros2) by extensions ['python_setup_py']
[0.146s] Level 1:colcon.colcon_core.package_identification:_identify(src/m-explore-ros2) by extension 'python_setup_py'
[0.146s] Level 1:colcon.colcon_core.package_identification:_identify(src/m-explore-ros2/explore) by extensions ['ignore', 'ignore_ament_install']
[0.146s] Level 1:colcon.colcon_core.package_identification:_identify(src/m-explore-ros2/explore) by extension 'ignore'
[0.146s] Level 1:colcon.colcon_core.package_identification:_identify(src/m-explore-ros2/explore) by extension 'ignore_ament_install'
[0.146s] Level 1:colcon.colcon_core.package_identification:_identify(src/m-explore-ros2/explore) by extensions ['colcon_pkg']
[0.146s] Level 1:colcon.colcon_core.package_identification:_identify(src/m-explore-ros2/explore) by extension 'colcon_pkg'
[0.146s] Level 1:colcon.colcon_core.package_identification:_identify(src/m-explore-ros2/explore) by extensions ['colcon_meta']
[0.146s] Level 1:colcon.colcon_core.package_identification:_identify(src/m-explore-ros2/explore) by extension 'colcon_meta'
[0.147s] Level 1:colcon.colcon_core.package_identification:_identify(src/m-explore-ros2/explore) by extensions ['ros']
[0.147s] Level 1:colcon.colcon_core.package_identification:_identify(src/m-explore-ros2/explore) by extension 'ros'
[0.151s] DEBUG:colcon.colcon_core.package_identification:Package 'src/m-explore-ros2/explore' with type 'ros.ament_cmake' and name 'explore_lite'
[0.151s] Level 1:colcon.colcon_core.package_identification:_identify(src/m-explore-ros2/explore_lite_msgs) by extensions ['ignore', 'ignore_ament_install']
[0.151s] Level 1:colcon.colcon_core.package_identification:_identify(src/m-explore-ros2/explore_lite_msgs) by extension 'ignore'
[0.151s] Level 1:colcon.colcon_core.package_identification:_identify(src/m-explore-ros2/explore_lite_msgs) by extension 'ignore_ament_install'
[0.152s] Level 1:colcon.colcon_core.package_identification:_identify(src/m-explore-ros2/explore_lite_msgs) by extensions ['colcon_pkg']
[0.152s] Level 1:colcon.colcon_core.package_identification:_identify(src/m-explore-ros2/explore_lite_msgs) by extension 'colcon_pkg'
[0.152s] Level 1:colcon.colcon_core.package_identification:_identify(src/m-explore-ros2/explore_lite_msgs) by extensions ['colcon_meta']
[0.152s] Level 1:colcon.colcon_core.package_identification:_identify(src/m-explore-ros2/explore_lite_msgs) by extension 'colcon_meta'
[0.152s] Level 1:colcon.colcon_core.package_identification:_identify(src/m-explore-ros2/explore_lite_msgs) by extensions ['ros']
[0.152s] Level 1:colcon.colcon_core.package_identification:_identify(src/m-explore-ros2/explore_lite_msgs) by extension 'ros'
[0.152s] DEBUG:colcon.colcon_core.package_identification:Package 'src/m-explore-ros2/explore_lite_msgs' with type 'ros.ament_cmake' and name 'explore_lite_msgs'
[0.153s] Level 1:colcon.colcon_core.package_identification:_identify(src/m-explore-ros2/map_merge) by extensions ['ignore', 'ignore_ament_install']
[0.153s] Level 1:colcon.colcon_core.package_identification:_identify(src/m-explore-ros2/map_merge) by extension 'ignore'
[0.153s] Level 1:colcon.colcon_core.package_identification:_identify(src/m-explore-ros2/map_merge) by extension 'ignore_ament_install'
[0.153s] Level 1:colcon.colcon_core.package_identification:_identify(src/m-explore-ros2/map_merge) by extensions ['colcon_pkg']
[0.153s] Level 1:colcon.colcon_core.package_identification:_identify(src/m-explore-ros2/map_merge) by extension 'colcon_pkg'
[0.153s] Level 1:colcon.colcon_core.package_identification:_identify(src/m-explore-ros2/map_merge) by extensions ['colcon_meta']
[0.153s] Level 1:colcon.colcon_core.package_identification:_identify(src/m-explore-ros2/map_merge) by extension 'colcon_meta'
[0.153s] Level 1:colcon.colcon_core.package_identification:_identify(src/m-explore-ros2/map_merge) by extensions ['ros']
[0.153s] Level 1:colcon.colcon_core.package_identification:_identify(src/m-explore-ros2/map_merge) by extension 'ros'
[0.155s] DEBUG:colcon.colcon_core.package_identification:Package 'src/m-explore-ros2/map_merge' with type 'ros.ament_cmake' and name 'multirobot_map_merge'
[0.155s] Level 1:colcon.colcon_core.package_identification:_identify(src/ridgeback_frontier_exploration) by extensions ['ignore', 'ignore_ament_install']
[0.155s] Level 1:colcon.colcon_core.package_identification:_identify(src/ridgeback_frontier_exploration) by extension 'ignore'
[0.155s] Level 1:colcon.colcon_core.package_identification:_identify(src/ridgeback_frontier_exploration) by extension 'ignore_ament_install'
[0.155s] Level 1:colcon.colcon_core.package_identification:_identify(src/ridgeback_frontier_exploration) by extensions ['colcon_pkg']
[0.155s] Level 1:colcon.colcon_core.package_identification:_identify(src/ridgeback_frontier_exploration) by extension 'colcon_pkg'
[0.155s] Level 1:colcon.colcon_core.package_identification:_identify(src/ridgeback_frontier_exploration) by extensions ['colcon_meta']
[0.155s] Level 1:colcon.colcon_core.package_identification:_identify(src/ridgeback_frontier_exploration) by extension 'colcon_meta'
[0.155s] Level 1:colcon.colcon_core.package_identification:_identify(src/ridgeback_frontier_exploration) by extensions ['ros']
[0.155s] Level 1:colcon.colcon_core.package_identification:_identify(src/ridgeback_frontier_exploration) by extension 'ros'
[0.157s] DEBUG:colcon.colcon_core.package_identification:Package 'src/ridgeback_frontier_exploration' with type 'ros.ament_python' and name 'ridgeback_frontier_exploration'
[0.157s] Level 1:colcon.colcon_core.package_discovery:discover_packages(recursive) using defaults
[0.157s] Level 1:colcon.colcon_core.package_discovery:discover_packages(ignore) discover
[0.157s] Level 1:colcon.colcon_core.package_discovery:discover_packages(ignore) using defaults
[0.157s] Level 1:colcon.colcon_core.package_discovery:discover_packages(path) discover
[0.157s] Level 1:colcon.colcon_core.package_discovery:discover_packages(path) using defaults
[0.173s] INFO:colcon.colcon_core.package_selection:Skipping package 'ridgeback_frontier_exploration' in 'src/ridgeback_frontier_exploration'
[0.173s] INFO:colcon.colcon_core.package_selection:Skipping package 'multirobot_map_merge' in 'src/m-explore-ros2/map_merge'
[0.173s] Level 1:colcon.colcon_core.package_discovery:discover_packages(prefix_path) check parameters
[0.173s] Level 1:colcon.colcon_core.package_discovery:discover_packages(prefix_path) discover
[0.174s] DEBUG:colcon.colcon_installed_package_information.package_discovery:Found 1 installed packages in /home/czika-stefania/Documents/DyNAMO/DyNAMO/install
[0.176s] DEBUG:colcon.colcon_installed_package_information.package_discovery:Found 492 installed packages in /opt/ros/jazzy
[0.177s] Level 1:colcon.colcon_core.package_discovery:discover_packages(prefix_path) using defaults
[0.236s] Level 5:colcon.colcon_core.verb:set package 'explore_lite_msgs' build argument 'cmake_args' from command line to 'None'
[0.236s] Level 5:colcon.colcon_core.verb:set package 'explore_lite_msgs' build argument 'cmake_target' from command line to 'None'
[0.236s] Level 5:colcon.colcon_core.verb:set package 'explore_lite_msgs' build argument 'cmake_target_skip_unavailable' from command line to 'False'
[0.236s] Level 5:colcon.colcon_core.verb:set package 'explore_lite_msgs' build argument 'cmake_clean_cache' from command line to 'False'
[0.236s] Level 5:colcon.colcon_core.verb:set package 'explore_lite_msgs' build argument 'cmake_clean_first' from command line to 'False'
[0.236s] Level 5:colcon.colcon_core.verb:set package 'explore_lite_msgs' build argument 'cmake_force_configure' from command line to 'False'
[0.236s] Level 5:colcon.colcon_core.verb:set package 'explore_lite_msgs' build argument 'ament_cmake_args' from command line to 'None'
[0.236s] Level 5:colcon.colcon_core.verb:set package 'explore_lite_msgs' build argument 'catkin_cmake_args' from command line to 'None'
[0.236s] Level 5:colcon.colcon_core.verb:set package 'explore_lite_msgs' build argument 'catkin_skip_building_tests' from command line to 'False'
[0.236s] DEBUG:colcon.colcon_core.verb:Building package 'explore_lite_msgs' with the following arguments: {'ament_cmake_args': None, 'build_base': '/home/czika-stefania/Documents/DyNAMO/DyNAMO/build/explore_lite_msgs', 'catkin_cmake_args': None, 'catkin_skip_building_tests': False, 'cmake_args': None, 'cmake_clean_cache': False, 'cmake_clean_first': False, 'cmake_force_configure': False, 'cmake_target': None, 'cmake_target_skip_unavailable': False, 'install_base': '/home/czika-stefania/Documents/DyNAMO/DyNAMO/install/explore_lite_msgs', 'merge_install': False, 'path': '/home/czika-stefania/Documents/DyNAMO/DyNAMO/src/m-explore-ros2/explore_lite_msgs', 'symlink_install': False, 'test_result_base': None}
[0.237s] Level 5:colcon.colcon_core.verb:set package 'explore_lite' build argument 'cmake_args' from command line to 'None'
[0.237s] Level 5:colcon.colcon_core.verb:set package 'explore_lite' build argument 'cmake_target' from command line to 'None'
[0.237s] Level 5:colcon.colcon_core.verb:set package 'explore_lite' build argument 'cmake_target_skip_unavailable' from command line to 'False'
[0.237s] Level 5:colcon.colcon_core.verb:set package 'explore_lite' build argument 'cmake_clean_cache' from command line to 'False'
[0.237s] Level 5:colcon.colcon_core.verb:set package 'explore_lite' build argument 'cmake_clean_first' from command line to 'False'
[0.237s] Level 5:colcon.colcon_core.verb:set package 'explore_lite' build argument 'cmake_force_configure' from command line to 'False'
[0.237s] Level 5:colcon.colcon_core.verb:set package 'explore_lite' build argument 'ament_cmake_args' from command line to 'None'
[0.237s] Level 5:colcon.colcon_core.verb:set package 'explore_lite' build argument 'catkin_cmake_args' from command line to 'None'
[0.237s] Level 5:colcon.colcon_core.verb:set package 'explore_lite' build argument 'catkin_skip_building_tests' from command line to 'False'
[0.237s] DEBUG:colcon.colcon_core.verb:Building package 'explore_lite' with the following arguments: {'ament_cmake_args': None, 'build_base': '/home/czika-stefania/Documents/DyNAMO/DyNAMO/build/explore_lite', 'catkin_cmake_args': None, 'catkin_skip_building_tests': False, 'cmake_args': None, 'cmake_clean_cache': False, 'cmake_clean_first': False, 'cmake_force_configure': False, 'cmake_target': None, 'cmake_target_skip_unavailable': False, 'install_base': '/home/czika-stefania/Documents/DyNAMO/DyNAMO/install/explore_lite', 'merge_install': False, 'path': '/home/czika-stefania/Documents/DyNAMO/DyNAMO/src/m-explore-ros2/explore', 'symlink_install': False, 'test_result_base': None}
[0.237s] INFO:colcon.colcon_core.executor:Executing jobs using 'parallel' executor
[0.238s] DEBUG:colcon.colcon_parallel_executor.executor.parallel:run_until_complete
[0.238s] INFO:colcon.colcon_ros.task.ament_cmake.build:Building ROS package in '/home/czika-stefania/Documents/DyNAMO/DyNAMO/src/m-explore-ros2/explore_lite_msgs' with build type 'ament_cmake'
[0.238s] INFO:colcon.colcon_cmake.task.cmake.build:Building CMake package in '/home/czika-stefania/Documents/DyNAMO/DyNAMO/src/m-explore-ros2/explore_lite_msgs'
[0.239s] INFO:colcon.colcon_core.plugin_system:Skipping extension 'colcon_core.shell.bat': Not used on non-Windows systems
[0.240s] INFO:colcon.colcon_core.shell:Skip shell extension 'powershell' for command environment: Not usable outside of PowerShell
[0.240s] DEBUG:colcon.colcon_core.shell:Skip shell extension 'dsv' for command environment
[0.249s] DEBUG:colcon.colcon_core.event_handler.log_command:Invoking command in '/home/czika-stefania/Documents/DyNAMO/DyNAMO/build/explore_lite_msgs': CMAKE_PREFIX_PATH=${CMAKE_PREFIX_PATH}:/home/czika-stefania/Documents/DyNAMO/DyNAMO/install/ridgeback_frontier_exploration:/opt/ros/jazzy DEBUGINFOD_URLS=https://debuginfod.ubuntu.com /usr/bin/cmake /home/czika-stefania/Documents/DyNAMO/DyNAMO/src/m-explore-ros2/explore_lite_msgs -DCMAKE_INSTALL_PREFIX=/home/czika-stefania/Documents/DyNAMO/DyNAMO/install/explore_lite_msgs
[3.265s] DEBUG:colcon.colcon_core.event_handler.log_command:Invoked command in '/home/czika-stefania/Documents/DyNAMO/DyNAMO/build/explore_lite_msgs' returned '0': CMAKE_PREFIX_PATH=${CMAKE_PREFIX_PATH}:/home/czika-stefania/Documents/DyNAMO/DyNAMO/install/ridgeback_frontier_exploration:/opt/ros/jazzy DEBUGINFOD_URLS=https://debuginfod.ubuntu.com /usr/bin/cmake /home/czika-stefania/Documents/DyNAMO/DyNAMO/src/m-explore-ros2/explore_lite_msgs -DCMAKE_INSTALL_PREFIX=/home/czika-stefania/Documents/DyNAMO/DyNAMO/install/explore_lite_msgs
[3.266s] DEBUG:colcon.colcon_core.event_handler.log_command:Invoking command in '/home/czika-stefania/Documents/DyNAMO/DyNAMO/build/explore_lite_msgs': CMAKE_PREFIX_PATH=${CMAKE_PREFIX_PATH}:/home/czika-stefania/Documents/DyNAMO/DyNAMO/install/ridgeback_frontier_exploration:/opt/ros/jazzy DEBUGINFOD_URLS=https://debuginfod.ubuntu.com /usr/bin/cmake --build /home/czika-stefania/Documents/DyNAMO/DyNAMO/build/explore_lite_msgs -- -j20 -l20
[5.577s] DEBUG:colcon.colcon_core.event_handler.log_command:Invoked command in '/home/czika-stefania/Documents/DyNAMO/DyNAMO/build/explore_lite_msgs' returned '0': CMAKE_PREFIX_PATH=${CMAKE_PREFIX_PATH}:/home/czika-stefania/Documents/DyNAMO/DyNAMO/install/ridgeback_frontier_exploration:/opt/ros/jazzy DEBUGINFOD_URLS=https://debuginfod.ubuntu.com /usr/bin/cmake --build /home/czika-stefania/Documents/DyNAMO/DyNAMO/build/explore_lite_msgs -- -j20 -l20
[5.597s] DEBUG:colcon.colcon_core.event_handler.log_command:Invoking command in '/home/czika-stefania/Documents/DyNAMO/DyNAMO/build/explore_lite_msgs': CMAKE_PREFIX_PATH=${CMAKE_PREFIX_PATH}:/home/czika-stefania/Documents/DyNAMO/DyNAMO/install/ridgeback_frontier_exploration:/opt/ros/jazzy DEBUGINFOD_URLS=https://debuginfod.ubuntu.com /usr/bin/cmake --install /home/czika-stefania/Documents/DyNAMO/DyNAMO/build/explore_lite_msgs
[5.705s] Level 1:colcon.colcon_core.environment:create_environment_scripts_only(explore_lite_msgs)
[5.706s] DEBUG:colcon.colcon_core.event_handler.log_command:Invoked command in '/home/czika-stefania/Documents/DyNAMO/DyNAMO/build/explore_lite_msgs' returned '0': CMAKE_PREFIX_PATH=${CMAKE_PREFIX_PATH}:/home/czika-stefania/Documents/DyNAMO/DyNAMO/install/ridgeback_frontier_exploration:/opt/ros/jazzy DEBUGINFOD_URLS=https://debuginfod.ubuntu.com /usr/bin/cmake --install /home/czika-stefania/Documents/DyNAMO/DyNAMO/build/explore_lite_msgs
[5.709s] Level 1:colcon.colcon_core.environment:checking '/home/czika-stefania/Documents/DyNAMO/DyNAMO/install/explore_lite_msgs' for CMake module files
[5.710s] Level 1:colcon.colcon_core.environment:checking '/home/czika-stefania/Documents/DyNAMO/DyNAMO/install/explore_lite_msgs' for CMake config files
[5.711s] Level 1:colcon.colcon_core.shell:create_environment_hook('explore_lite_msgs', 'cmake_prefix_path')
[5.711s] INFO:colcon.colcon_core.shell:Creating environment hook '/home/czika-stefania/Documents/DyNAMO/DyNAMO/install/explore_lite_msgs/share/explore_lite_msgs/hook/cmake_prefix_path.ps1'
[5.712s] INFO:colcon.colcon_core.shell:Creating environment descriptor '/home/czika-stefania/Documents/DyNAMO/DyNAMO/install/explore_lite_msgs/share/explore_lite_msgs/hook/cmake_prefix_path.dsv'
[5.713s] INFO:colcon.colcon_core.shell:Creating environment hook '/home/czika-stefania/Documents/DyNAMO/DyNAMO/install/explore_lite_msgs/share/explore_lite_msgs/hook/cmake_prefix_path.sh'
[5.714s] Level 1:colcon.colcon_core.environment:checking '/home/czika-stefania/Documents/DyNAMO/DyNAMO/install/explore_lite_msgs/lib'
[5.714s] Level 1:colcon.colcon_core.shell:create_environment_hook('explore_lite_msgs', 'ld_library_path_lib')
[5.714s] INFO:colcon.colcon_core.shell:Creating environment hook '/home/czika-stefania/Documents/DyNAMO/DyNAMO/install/explore_lite_msgs/share/explore_lite_msgs/hook/ld_library_path_lib.ps1'
[5.714s] INFO:colcon.colcon_core.shell:Creating environment descriptor '/home/czika-stefania/Documents/DyNAMO/DyNAMO/install/explore_lite_msgs/share/explore_lite_msgs/hook/ld_library_path_lib.dsv'
[5.715s] INFO:colcon.colcon_core.shell:Creating environment hook '/home/czika-stefania/Documents/DyNAMO/DyNAMO/install/explore_lite_msgs/share/explore_lite_msgs/hook/ld_library_path_lib.sh'
[5.715s] Level 1:colcon.colcon_core.environment:checking '/home/czika-stefania/Documents/DyNAMO/DyNAMO/install/explore_lite_msgs/bin'
[5.715s] Level 1:colcon.colcon_core.environment:checking '/home/czika-stefania/Documents/DyNAMO/DyNAMO/install/explore_lite_msgs/lib/pkgconfig/explore_lite_msgs.pc'
[5.715s] Level 1:colcon.colcon_core.environment:checking '/home/czika-stefania/Documents/DyNAMO/DyNAMO/install/explore_lite_msgs/lib/python3.12/site-packages'
[5.716s] Level 1:colcon.colcon_core.shell:create_environment_hook('explore_lite_msgs', 'pythonpath')
[5.716s] INFO:colcon.colcon_core.shell:Creating environment hook '/home/czika-stefania/Documents/DyNAMO/DyNAMO/install/explore_lite_msgs/share/explore_lite_msgs/hook/pythonpath.ps1'
[5.717s] INFO:colcon.colcon_core.shell:Creating environment descriptor '/home/czika-stefania/Documents/DyNAMO/DyNAMO/install/explore_lite_msgs/share/explore_lite_msgs/hook/pythonpath.dsv'
[5.717s] INFO:colcon.colcon_core.shell:Creating environment hook '/home/czika-stefania/Documents/DyNAMO/DyNAMO/install/explore_lite_msgs/share/explore_lite_msgs/hook/pythonpath.sh'
[5.718s] Level 1:colcon.colcon_core.environment:checking '/home/czika-stefania/Documents/DyNAMO/DyNAMO/install/explore_lite_msgs/bin'
[5.718s] INFO:colcon.colcon_core.shell:Creating package script '/home/czika-stefania/Documents/DyNAMO/DyNAMO/install/explore_lite_msgs/share/explore_lite_msgs/package.ps1'
[5.719s] INFO:colcon.colcon_core.shell:Creating package descriptor '/home/czika-stefania/Documents/DyNAMO/DyNAMO/install/explore_lite_msgs/share/explore_lite_msgs/package.dsv'
[5.720s] INFO:colcon.colcon_core.shell:Creating package script '/home/czika-stefania/Documents/DyNAMO/DyNAMO/install/explore_lite_msgs/share/explore_lite_msgs/package.sh'
[5.721s] INFO:colcon.colcon_core.shell:Creating package script '/home/czika-stefania/Documents/DyNAMO/DyNAMO/install/explore_lite_msgs/share/explore_lite_msgs/package.bash'
[5.721s] INFO:colcon.colcon_core.shell:Creating package script '/home/czika-stefania/Documents/DyNAMO/DyNAMO/install/explore_lite_msgs/share/explore_lite_msgs/package.zsh'
[5.722s] Level 1:colcon.colcon_core.environment:create_file_with_runtime_dependencies(/home/czika-stefania/Documents/DyNAMO/DyNAMO/install/explore_lite_msgs/share/colcon-core/packages/explore_lite_msgs)
[5.722s] Level 1:colcon.colcon_core.environment:create_environment_scripts_only(explore_lite_msgs)
[5.723s] Level 1:colcon.colcon_core.environment:checking '/home/czika-stefania/Documents/DyNAMO/DyNAMO/install/explore_lite_msgs' for CMake module files
[5.723s] Level 1:colcon.colcon_core.environment:checking '/home/czika-stefania/Documents/DyNAMO/DyNAMO/install/explore_lite_msgs' for CMake config files
[5.723s] Level 1:colcon.colcon_core.shell:create_environment_hook('explore_lite_msgs', 'cmake_prefix_path')
[5.724s] INFO:colcon.colcon_core.shell:Creating environment hook '/home/czika-stefania/Documents/DyNAMO/DyNAMO/install/explore_lite_msgs/share/explore_lite_msgs/hook/cmake_prefix_path.ps1'
[5.724s] INFO:colcon.colcon_core.shell:Creating environment descriptor '/home/czika-stefania/Documents/DyNAMO/DyNAMO/install/explore_lite_msgs/share/explore_lite_msgs/hook/cmake_prefix_path.dsv'
[5.724s] INFO:colcon.colcon_core.shell:Creating environment hook '/home/czika-stefania/Documents/DyNAMO/DyNAMO/install/explore_lite_msgs/share/explore_lite_msgs/hook/cmake_prefix_path.sh'
[5.725s] Level 1:colcon.colcon_core.environment:checking '/home/czika-stefania/Documents/DyNAMO/DyNAMO/install/explore_lite_msgs/lib'
[5.725s] Level 1:colcon.colcon_core.shell:create_environment_hook('explore_lite_msgs', 'ld_library_path_lib')
[5.725s] INFO:colcon.colcon_core.shell:Creating environment hook '/home/czika-stefania/Documents/DyNAMO/DyNAMO/install/explore_lite_msgs/share/explore_lite_msgs/hook/ld_library_path_lib.ps1'
[5.726s] INFO:colcon.colcon_core.shell:Creating environment descriptor '/home/czika-stefania/Documents/DyNAMO/DyNAMO/install/explore_lite_msgs/share/explore_lite_msgs/hook/ld_library_path_lib.dsv'
[5.726s] INFO:colcon.colcon_core.shell:Creating environment hook '/home/czika-stefania/Documents/DyNAMO/DyNAMO/install/explore_lite_msgs/share/explore_lite_msgs/hook/ld_library_path_lib.sh'
[5.726s] Level 1:colcon.colcon_core.environment:checking '/home/czika-stefania/Documents/DyNAMO/DyNAMO/install/explore_lite_msgs/bin'
[5.726s] Level 1:colcon.colcon_core.environment:checking '/home/czika-stefania/Documents/DyNAMO/DyNAMO/install/explore_lite_msgs/lib/pkgconfig/explore_lite_msgs.pc'
[5.726s] Level 1:colcon.colcon_core.environment:checking '/home/czika-stefania/Documents/DyNAMO/DyNAMO/install/explore_lite_msgs/lib/python3.12/site-packages'
[5.727s] Level 1:colcon.colcon_core.shell:create_environment_hook('explore_lite_msgs', 'pythonpath')
[5.727s] INFO:colcon.colcon_core.shell:Creating environment hook '/home/czika-stefania/Documents/DyNAMO/DyNAMO/install/explore_lite_msgs/share/explore_lite_msgs/hook/pythonpath.ps1'
[5.727s] INFO:colcon.colcon_core.shell:Creating environment descriptor '/home/czika-stefania/Documents/DyNAMO/DyNAMO/install/explore_lite_msgs/share/explore_lite_msgs/hook/pythonpath.dsv'
[5.727s] INFO:colcon.colcon_core.shell:Creating environment hook '/home/czika-stefania/Documents/DyNAMO/DyNAMO/install/explore_lite_msgs/share/explore_lite_msgs/hook/pythonpath.sh'
[5.728s] Level 1:colcon.colcon_core.environment:checking '/home/czika-stefania/Documents/DyNAMO/DyNAMO/install/explore_lite_msgs/bin'
[5.728s] INFO:colcon.colcon_core.shell:Creating package script '/home/czika-stefania/Documents/DyNAMO/DyNAMO/install/explore_lite_msgs/share/explore_lite_msgs/package.ps1'
[5.728s] INFO:colcon.colcon_core.shell:Creating package descriptor '/home/czika-stefania/Documents/DyNAMO/DyNAMO/install/explore_lite_msgs/share/explore_lite_msgs/package.dsv'
[5.729s] INFO:colcon.colcon_core.shell:Creating package script '/home/czika-stefania/Documents/DyNAMO/DyNAMO/install/explore_lite_msgs/share/explore_lite_msgs/package.sh'
[5.729s] INFO:colcon.colcon_core.shell:Creating package script '/home/czika-stefania/Documents/DyNAMO/DyNAMO/install/explore_lite_msgs/share/explore_lite_msgs/package.bash'
[5.730s] INFO:colcon.colcon_core.shell:Creating package script '/home/czika-stefania/Documents/DyNAMO/DyNAMO/install/explore_lite_msgs/share/explore_lite_msgs/package.zsh'
[5.730s] Level 1:colcon.colcon_core.environment:create_file_with_runtime_dependencies(/home/czika-stefania/Documents/DyNAMO/DyNAMO/install/explore_lite_msgs/share/colcon-core/packages/explore_lite_msgs)
[5.731s] INFO:colcon.colcon_ros.task.ament_cmake.build:Building ROS package in '/home/czika-stefania/Documents/DyNAMO/DyNAMO/src/m-explore-ros2/explore' with build type 'ament_cmake'
[5.731s] INFO:colcon.colcon_cmake.task.cmake.build:Building CMake package in '/home/czika-stefania/Documents/DyNAMO/DyNAMO/src/m-explore-ros2/explore'
[5.731s] INFO:colcon.colcon_core.shell:Skip shell extension 'powershell' for command environment: Not usable outside of PowerShell
[5.731s] DEBUG:colcon.colcon_core.shell:Skip shell extension 'dsv' for command environment
[5.744s] DEBUG:colcon.colcon_core.event_handler.log_command:Invoking command in '/home/czika-stefania/Documents/DyNAMO/DyNAMO/build/explore_lite': AMENT_PREFIX_PATH=/home/czika-stefania/Documents/DyNAMO/DyNAMO/install/explore_lite_msgs:${AMENT_PREFIX_PATH} CMAKE_PREFIX_PATH=/home/czika-stefania/Documents/DyNAMO/DyNAMO/install/explore_lite_msgs:/opt/ros/jazzy/opt/gz_sim_vendor:/opt/ros/jazzy/opt/gz_sensors_vendor:/opt/ros/jazzy/opt/gz_physics_vendor:/opt/ros/jazzy/opt/sdformat_vendor:/opt/ros/jazzy/opt/gz_gui_vendor:/opt/ros/jazzy/opt/gz_transport_vendor:/opt/ros/jazzy/opt/gz_rendering_vendor:/opt/ros/jazzy/opt/gz_plugin_vendor:/opt/ros/jazzy/opt/gz_fuel_tools_vendor:/opt/ros/jazzy/opt/gz_msgs_vendor:/opt/ros/jazzy/opt/gz_common_vendor:/opt/ros/jazzy/opt/gz_math_vendor:/opt/ros/jazzy/opt/gz_utils_vendor:/opt/ros/jazzy/opt/gz_tools_vendor:/opt/ros/jazzy/opt/gz_ogre_next_vendor:/opt/ros/jazzy/opt/gz_dartsim_vendor:/opt/ros/jazzy/opt/gz_cmake_vendor:/home/czika-stefania/Documents/DyNAMO/DyNAMO/install/ridgeback_frontier_exploration:/opt/ros/jazzy DEBUGINFOD_URLS=https://debuginfod.ubuntu.com LD_LIBRARY_PATH=/home/czika-stefania/Documents/DyNAMO/DyNAMO/install/explore_lite_msgs/lib:${LD_LIBRARY_PATH} PYTHONPATH=/home/czika-stefania/Documents/DyNAMO/DyNAMO/install/explore_lite_msgs/lib/python3.12/site-packages:${PYTHONPATH} /usr/bin/cmake /home/czika-stefania/Documents/DyNAMO/DyNAMO/src/m-explore-ros2/explore -DCMAKE_INSTALL_PREFIX=/home/czika-stefania/Documents/DyNAMO/DyNAMO/install/explore_lite
[7.561s] DEBUG:colcon.colcon_core.event_handler.log_command:Invoked command in '/home/czika-stefania/Documents/DyNAMO/DyNAMO/build/explore_lite' returned '0': AMENT_PREFIX_PATH=/home/czika-stefania/Documents/DyNAMO/DyNAMO/install/explore_lite_msgs:${AMENT_PREFIX_PATH} CMAKE_PREFIX_PATH=/home/czika-stefania/Documents/DyNAMO/DyNAMO/install/explore_lite_msgs:/opt/ros/jazzy/opt/gz_sim_vendor:/opt/ros/jazzy/opt/gz_sensors_vendor:/opt/ros/jazzy/opt/gz_physics_vendor:/opt/ros/jazzy/opt/sdformat_vendor:/opt/ros/jazzy/opt/gz_gui_vendor:/opt/ros/jazzy/opt/gz_transport_vendor:/opt/ros/jazzy/opt/gz_rendering_vendor:/opt/ros/jazzy/opt/gz_plugin_vendor:/opt/ros/jazzy/opt/gz_fuel_tools_vendor:/opt/ros/jazzy/opt/gz_msgs_vendor:/opt/ros/jazzy/opt/gz_common_vendor:/opt/ros/jazzy/opt/gz_math_vendor:/opt/ros/jazzy/opt/gz_utils_vendor:/opt/ros/jazzy/opt/gz_tools_vendor:/opt/ros/jazzy/opt/gz_ogre_next_vendor:/opt/ros/jazzy/opt/gz_dartsim_vendor:/opt/ros/jazzy/opt/gz_cmake_vendor:/home/czika-stefania/Documents/DyNAMO/DyNAMO/install/ridgeback_frontier_exploration:/opt/ros/jazzy DEBUGINFOD_URLS=https://debuginfod.ubuntu.com LD_LIBRARY_PATH=/home/czika-stefania/Documents/DyNAMO/DyNAMO/install/explore_lite_msgs/lib:${LD_LIBRARY_PATH} PYTHONPATH=/home/czika-stefania/Documents/DyNAMO/DyNAMO/install/explore_lite_msgs/lib/python3.12/site-packages:${PYTHONPATH} /usr/bin/cmake /home/czika-stefania/Documents/DyNAMO/DyNAMO/src/m-explore-ros2/explore -DCMAKE_INSTALL_PREFIX=/home/czika-stefania/Documents/DyNAMO/DyNAMO/install/explore_lite
[7.562s] DEBUG:colcon.colcon_core.event_handler.log_command:Invoking command in '/home/czika-stefania/Documents/DyNAMO/DyNAMO/build/explore_lite': AMENT_PREFIX_PATH=/home/czika-stefania/Documents/DyNAMO/DyNAMO/install/explore_lite_msgs:${AMENT_PREFIX_PATH} CMAKE_PREFIX_PATH=/home/czika-stefania/Documents/DyNAMO/DyNAMO/install/explore_lite_msgs:/opt/ros/jazzy/opt/gz_sim_vendor:/opt/ros/jazzy/opt/gz_sensors_vendor:/opt/ros/jazzy/opt/gz_physics_vendor:/opt/ros/jazzy/opt/sdformat_vendor:/opt/ros/jazzy/opt/gz_gui_vendor:/opt/ros/jazzy/opt/gz_transport_vendor:/opt/ros/jazzy/opt/gz_rendering_vendor:/opt/ros/jazzy/opt/gz_plugin_vendor:/opt/ros/jazzy/opt/gz_fuel_tools_vendor:/opt/ros/jazzy/opt/gz_msgs_vendor:/opt/ros/jazzy/opt/gz_common_vendor:/opt/ros/jazzy/opt/gz_math_vendor:/opt/ros/jazzy/opt/gz_utils_vendor:/opt/ros/jazzy/opt/gz_tools_vendor:/opt/ros/jazzy/opt/gz_ogre_next_vendor:/opt/ros/jazzy/opt/gz_dartsim_vendor:/opt/ros/jazzy/opt/gz_cmake_vendor:/home/czika-stefania/Documents/DyNAMO/DyNAMO/install/ridgeback_frontier_exploration:/opt/ros/jazzy DEBUGINFOD_URLS=https://debuginfod.ubuntu.com LD_LIBRARY_PATH=/home/czika-stefania/Documents/DyNAMO/DyNAMO/install/explore_lite_msgs/lib:${LD_LIBRARY_PATH} PYTHONPATH=/home/czika-stefania/Documents/DyNAMO/DyNAMO/install/explore_lite_msgs/lib/python3.12/site-packages:${PYTHONPATH} /usr/bin/cmake --build /home/czika-stefania/Documents/DyNAMO/DyNAMO/build/explore_lite -- -j20 -l20
[21.692s] DEBUG:colcon.colcon_core.event_handler.log_command:Invoked command in '/home/czika-stefania/Documents/DyNAMO/DyNAMO/build/explore_lite' returned '0': AMENT_PREFIX_PATH=/home/czika-stefania/Documents/DyNAMO/DyNAMO/install/explore_lite_msgs:${AMENT_PREFIX_PATH} CMAKE_PREFIX_PATH=/home/czika-stefania/Documents/DyNAMO/DyNAMO/install/explore_lite_msgs:/opt/ros/jazzy/opt/gz_sim_vendor:/opt/ros/jazzy/opt/gz_sensors_vendor:/opt/ros/jazzy/opt/gz_physics_vendor:/opt/ros/jazzy/opt/sdformat_vendor:/opt/ros/jazzy/opt/gz_gui_vendor:/opt/ros/jazzy/opt/gz_transport_vendor:/opt/ros/jazzy/opt/gz_rendering_vendor:/opt/ros/jazzy/opt/gz_plugin_vendor:/opt/ros/jazzy/opt/gz_fuel_tools_vendor:/opt/ros/jazzy/opt/gz_msgs_vendor:/opt/ros/jazzy/opt/gz_common_vendor:/opt/ros/jazzy/opt/gz_math_vendor:/opt/ros/jazzy/opt/gz_utils_vendor:/opt/ros/jazzy/opt/gz_tools_vendor:/opt/ros/jazzy/opt/gz_ogre_next_vendor:/opt/ros/jazzy/opt/gz_dartsim_vendor:/opt/ros/jazzy/opt/gz_cmake_vendor:/home/czika-stefania/Documents/DyNAMO/DyNAMO/install/ridgeback_frontier_exploration:/opt/ros/jazzy DEBUGINFOD_URLS=https://debuginfod.ubuntu.com LD_LIBRARY_PATH=/home/czika-stefania/Documents/DyNAMO/DyNAMO/install/explore_lite_msgs/lib:${LD_LIBRARY_PATH} PYTHONPATH=/home/czika-stefania/Documents/DyNAMO/DyNAMO/install/explore_lite_msgs/lib/python3.12/site-packages:${PYTHONPATH} /usr/bin/cmake --build /home/czika-stefania/Documents/DyNAMO/DyNAMO/build/explore_lite -- -j20 -l20
[21.693s] DEBUG:colcon.colcon_core.event_handler.log_command:Invoking command in '/home/czika-stefania/Documents/DyNAMO/DyNAMO/build/explore_lite': AMENT_PREFIX_PATH=/home/czika-stefania/Documents/DyNAMO/DyNAMO/install/explore_lite_msgs:${AMENT_PREFIX_PATH} CMAKE_PREFIX_PATH=/home/czika-stefania/Documents/DyNAMO/DyNAMO/install/explore_lite_msgs:/opt/ros/jazzy/opt/gz_sim_vendor:/opt/ros/jazzy/opt/gz_sensors_vendor:/opt/ros/jazzy/opt/gz_physics_vendor:/opt/ros/jazzy/opt/sdformat_vendor:/opt/ros/jazzy/opt/gz_gui_vendor:/opt/ros/jazzy/opt/gz_transport_vendor:/opt/ros/jazzy/opt/gz_rendering_vendor:/opt/ros/jazzy/opt/gz_plugin_vendor:/opt/ros/jazzy/opt/gz_fuel_tools_vendor:/opt/ros/jazzy/opt/gz_msgs_vendor:/opt/ros/jazzy/opt/gz_common_vendor:/opt/ros/jazzy/opt/gz_math_vendor:/opt/ros/jazzy/opt/gz_utils_vendor:/opt/ros/jazzy/opt/gz_tools_vendor:/opt/ros/jazzy/opt/gz_ogre_next_vendor:/opt/ros/jazzy/opt/gz_dartsim_vendor:/opt/ros/jazzy/opt/gz_cmake_vendor:/home/czika-stefania/Documents/DyNAMO/DyNAMO/install/ridgeback_frontier_exploration:/opt/ros/jazzy DEBUGINFOD_URLS=https://debuginfod.ubuntu.com LD_LIBRARY_PATH=/home/czika-stefania/Documents/DyNAMO/DyNAMO/install/explore_lite_msgs/lib:${LD_LIBRARY_PATH} PYTHONPATH=/home/czika-stefania/Documents/DyNAMO/DyNAMO/install/explore_lite_msgs/lib/python3.12/site-packages:${PYTHONPATH} /usr/bin/cmake --install /home/czika-stefania/Documents/DyNAMO/DyNAMO/build/explore_lite
[21.711s] Level 1:colcon.colcon_core.environment:create_environment_scripts_only(explore_lite)
[21.711s] Level 1:colcon.colcon_core.environment:checking '/home/czika-stefania/Documents/DyNAMO/DyNAMO/install/explore_lite' for CMake module files
[21.712s] Level 1:colcon.colcon_core.environment:checking '/home/czika-stefania/Documents/DyNAMO/DyNAMO/install/explore_lite' for CMake config files
[21.713s] Level 1:colcon.colcon_core.shell:create_environment_hook('explore_lite', 'cmake_prefix_path')
[21.713s] INFO:colcon.colcon_core.shell:Creating environment hook '/home/czika-stefania/Documents/DyNAMO/DyNAMO/install/explore_lite/share/explore_lite/hook/cmake_prefix_path.ps1'
[21.713s] INFO:colcon.colcon_core.shell:Creating environment descriptor '/home/czika-stefania/Documents/DyNAMO/DyNAMO/install/explore_lite/share/explore_lite/hook/cmake_prefix_path.dsv'
[21.714s] INFO:colcon.colcon_core.shell:Creating environment hook '/home/czika-stefania/Documents/DyNAMO/DyNAMO/install/explore_lite/share/explore_lite/hook/cmake_prefix_path.sh'
[21.715s] Level 1:colcon.colcon_core.environment:checking '/home/czika-stefania/Documents/DyNAMO/DyNAMO/install/explore_lite/lib'
[21.716s] Level 1:colcon.colcon_core.environment:checking '/home/czika-stefania/Documents/DyNAMO/DyNAMO/install/explore_lite/bin'
[21.716s] DEBUG:colcon.colcon_core.event_handler.log_command:Invoked command in '/home/czika-stefania/Documents/DyNAMO/DyNAMO/build/explore_lite' returned '0': AMENT_PREFIX_PATH=/home/czika-stefania/Documents/DyNAMO/DyNAMO/install/explore_lite_msgs:${AMENT_PREFIX_PATH} CMAKE_PREFIX_PATH=/home/czika-stefania/Documents/DyNAMO/DyNAMO/install/explore_lite_msgs:/opt/ros/jazzy/opt/gz_sim_vendor:/opt/ros/jazzy/opt/gz_sensors_vendor:/opt/ros/jazzy/opt/gz_physics_vendor:/opt/ros/jazzy/opt/sdformat_vendor:/opt/ros/jazzy/opt/gz_gui_vendor:/opt/ros/jazzy/opt/gz_transport_vendor:/opt/ros/jazzy/opt/gz_rendering_vendor:/opt/ros/jazzy/opt/gz_plugin_vendor:/opt/ros/jazzy/opt/gz_fuel_tools_vendor:/opt/ros/jazzy/opt/gz_msgs_vendor:/opt/ros/jazzy/opt/gz_common_vendor:/opt/ros/jazzy/opt/gz_math_vendor:/opt/ros/jazzy/opt/gz_utils_vendor:/opt/ros/jazzy/opt/gz_tools_vendor:/opt/ros/jazzy/opt/gz_ogre_next_vendor:/opt/ros/jazzy/opt/gz_dartsim_vendor:/opt/ros/jazzy/opt/gz_cmake_vendor:/home/czika-stefania/Documents/DyNAMO/DyNAMO/install/ridgeback_frontier_exploration:/opt/ros/jazzy DEBUGINFOD_URLS=https://debuginfod.ubuntu.com LD_LIBRARY_PATH=/home/czika-stefania/Documents/DyNAMO/DyNAMO/install/explore_lite_msgs/lib:${LD_LIBRARY_PATH} PYTHONPATH=/home/czika-stefania/Documents/DyNAMO/DyNAMO/install/explore_lite_msgs/lib/python3.12/site-packages:${PYTHONPATH} /usr/bin/cmake --install /home/czika-stefania/Documents/DyNAMO/DyNAMO/build/explore_lite
[21.716s] Level 1:colcon.colcon_core.environment:checking '/home/czika-stefania/Documents/DyNAMO/DyNAMO/install/explore_lite/lib/pkgconfig/explore_lite.pc'
[21.716s] Level 1:colcon.colcon_core.environment:checking '/home/czika-stefania/Documents/DyNAMO/DyNAMO/install/explore_lite/lib/python3.12/site-packages'
[21.717s] Level 1:colcon.colcon_core.environment:checking '/home/czika-stefania/Documents/DyNAMO/DyNAMO/install/explore_lite/bin'
[21.717s] INFO:colcon.colcon_core.shell:Creating package script '/home/czika-stefania/Documents/DyNAMO/DyNAMO/install/explore_lite/share/explore_lite/package.ps1'
[21.717s] INFO:colcon.colcon_core.shell:Creating package descriptor '/home/czika-stefania/Documents/DyNAMO/DyNAMO/install/explore_lite/share/explore_lite/package.dsv'
[21.718s] INFO:colcon.colcon_core.shell:Creating package script '/home/czika-stefania/Documents/DyNAMO/DyNAMO/install/explore_lite/share/explore_lite/package.sh'
[21.718s] INFO:colcon.colcon_core.shell:Creating package script '/home/czika-stefania/Documents/DyNAMO/DyNAMO/install/explore_lite/share/explore_lite/package.bash'
[21.718s] INFO:colcon.colcon_core.shell:Creating package script '/home/czika-stefania/Documents/DyNAMO/DyNAMO/install/explore_lite/share/explore_lite/package.zsh'
[21.719s] Level 1:colcon.colcon_core.environment:create_file_with_runtime_dependencies(/home/czika-stefania/Documents/DyNAMO/DyNAMO/install/explore_lite/share/colcon-core/packages/explore_lite)
[21.719s] Level 1:colcon.colcon_core.environment:create_environment_scripts_only(explore_lite)
[21.719s] Level 1:colcon.colcon_core.environment:checking '/home/czika-stefania/Documents/DyNAMO/DyNAMO/install/explore_lite' for CMake module files
[21.720s] Level 1:colcon.colcon_core.environment:checking '/home/czika-stefania/Documents/DyNAMO/DyNAMO/install/explore_lite' for CMake config files
[21.720s] Level 1:colcon.colcon_core.shell:create_environment_hook('explore_lite', 'cmake_prefix_path')
[21.720s] INFO:colcon.colcon_core.shell:Creating environment hook '/home/czika-stefania/Documents/DyNAMO/DyNAMO/install/explore_lite/share/explore_lite/hook/cmake_prefix_path.ps1'
[21.720s] INFO:colcon.colcon_core.shell:Creating environment descriptor '/home/czika-stefania/Documents/DyNAMO/DyNAMO/install/explore_lite/share/explore_lite/hook/cmake_prefix_path.dsv'
[21.721s] INFO:colcon.colcon_core.shell:Creating environment hook '/home/czika-stefania/Documents/DyNAMO/DyNAMO/install/explore_lite/share/explore_lite/hook/cmake_prefix_path.sh'
[21.721s] Level 1:colcon.colcon_core.environment:checking '/home/czika-stefania/Documents/DyNAMO/DyNAMO/install/explore_lite/lib'
[21.721s] Level 1:colcon.colcon_core.environment:checking '/home/czika-stefania/Documents/DyNAMO/DyNAMO/install/explore_lite/bin'
[21.721s] Level 1:colcon.colcon_core.environment:checking '/home/czika-stefania/Documents/DyNAMO/DyNAMO/install/explore_lite/lib/pkgconfig/explore_lite.pc'
[21.722s] Level 1:colcon.colcon_core.environment:checking '/home/czika-stefania/Documents/DyNAMO/DyNAMO/install/explore_lite/lib/python3.12/site-packages'
[21.722s] Level 1:colcon.colcon_core.environment:checking '/home/czika-stefania/Documents/DyNAMO/DyNAMO/install/explore_lite/bin'
[21.722s] INFO:colcon.colcon_core.shell:Creating package script '/home/czika-stefania/Documents/DyNAMO/DyNAMO/install/explore_lite/share/explore_lite/package.ps1'
[21.722s] INFO:colcon.colcon_core.shell:Creating package descriptor '/home/czika-stefania/Documents/DyNAMO/DyNAMO/install/explore_lite/share/explore_lite/package.dsv'
[21.723s] INFO:colcon.colcon_core.shell:Creating package script '/home/czika-stefania/Documents/DyNAMO/DyNAMO/install/explore_lite/share/explore_lite/package.sh'
[21.724s] INFO:colcon.colcon_core.shell:Creating package script '/home/czika-stefania/Documents/DyNAMO/DyNAMO/install/explore_lite/share/explore_lite/package.bash'
[21.724s] INFO:colcon.colcon_core.shell:Creating package script '/home/czika-stefania/Documents/DyNAMO/DyNAMO/install/explore_lite/share/explore_lite/package.zsh'
[21.724s] Level 1:colcon.colcon_core.environment:create_file_with_runtime_dependencies(/home/czika-stefania/Documents/DyNAMO/DyNAMO/install/explore_lite/share/colcon-core/packages/explore_lite)
[21.725s] DEBUG:colcon.colcon_parallel_executor.executor.parallel:closing loop
[21.725s] DEBUG:colcon.colcon_parallel_executor.executor.parallel:loop closed
[21.725s] DEBUG:colcon.colcon_parallel_executor.executor.parallel:run_until_complete finished with '0'
[21.725s] DEBUG:colcon.colcon_core.event_reactor:joining thread
[21.729s] INFO:colcon.colcon_core.plugin_system:Skipping extension 'colcon_notification.desktop_notification.terminal_notifier': Not used on non-Darwin systems
[21.729s] INFO:colcon.colcon_core.plugin_system:Skipping extension 'colcon_notification.desktop_notification.win32': Not used on non-Windows systems
[21.729s] INFO:colcon.colcon_notification.desktop_notification:Sending desktop notification using 'notify2'
[21.742s] DEBUG:colcon.colcon_core.event_reactor:joined thread
[21.742s] INFO:colcon.colcon_core.shell:Creating prefix script '/home/czika-stefania/Documents/DyNAMO/DyNAMO/install/local_setup.ps1'
[21.743s] INFO:colcon.colcon_core.shell:Creating prefix util module '/home/czika-stefania/Documents/DyNAMO/DyNAMO/install/_local_setup_util_ps1.py'
[21.744s] INFO:colcon.colcon_core.shell:Creating prefix chain script '/home/czika-stefania/Documents/DyNAMO/DyNAMO/install/setup.ps1'
[21.745s] INFO:colcon.colcon_core.shell:Creating prefix script '/home/czika-stefania/Documents/DyNAMO/DyNAMO/install/local_setup.sh'
[21.746s] INFO:colcon.colcon_core.shell:Creating prefix util module '/home/czika-stefania/Documents/DyNAMO/DyNAMO/install/_local_setup_util_sh.py'
[21.746s] INFO:colcon.colcon_core.shell:Creating prefix chain script '/home/czika-stefania/Documents/DyNAMO/DyNAMO/install/setup.sh'
[21.747s] INFO:colcon.colcon_core.shell:Creating prefix script '/home/czika-stefania/Documents/DyNAMO/DyNAMO/install/local_setup.bash'
[21.748s] INFO:colcon.colcon_core.shell:Creating prefix chain script '/home/czika-stefania/Documents/DyNAMO/DyNAMO/install/setup.bash'
[21.749s] INFO:colcon.colcon_core.shell:Creating prefix script '/home/czika-stefania/Documents/DyNAMO/DyNAMO/install/local_setup.zsh'
[21.749s] INFO:colcon.colcon_core.shell:Creating prefix chain script '/home/czika-stefania/Documents/DyNAMO/DyNAMO/install/setup.zsh'
