/home/czika-stefania/Documents/DyNAMO/DyNAMO/install/ridgeback_frontier_exploration/lib/python3.12/site-packages/ridgeback_frontier_exploration/odom_tf_pub.py
/home/czika-stefania/Documents/DyNAMO/DyNAMO/install/ridgeback_frontier_exploration/lib/python3.12/site-packages/ridgeback_frontier_exploration/__init__.py
/home/czika-stefania/Documents/DyNAMO/DyNAMO/install/ridgeback_frontier_exploration/lib/python3.12/site-packages/ridgeback_frontier_exploration/__pycache__/odom_tf_pub.cpython-312.pyc
/home/czika-stefania/Documents/DyNAMO/DyNAMO/install/ridgeback_frontier_exploration/lib/python3.12/site-packages/ridgeback_frontier_exploration/__pycache__/__init__.cpython-312.pyc
/home/czika-stefania/Documents/DyNAMO/DyNAMO/install/ridgeback_frontier_exploration/share/ament_index/resource_index/packages/ridgeback_frontier_exploration
/home/czika-stefania/Documents/DyNAMO/DyNAMO/install/ridgeback_frontier_exploration/share/ridgeback_frontier_exploration/package.xml
/home/czika-stefania/Documents/DyNAMO/DyNAMO/install/ridgeback_frontier_exploration/share/ridgeback_frontier_exploration/launch/sim_base_launch.py
/home/czika-stefania/Documents/DyNAMO/DyNAMO/install/ridgeback_frontier_exploration/share/ridgeback_frontier_exploration/launch/frontier_exploration_lidar_only_launch.py
/home/czika-stefania/Documents/DyNAMO/DyNAMO/install/ridgeback_frontier_exploration/share/ridgeback_frontier_exploration/models/red_sphere.sdf
/home/czika-stefania/Documents/DyNAMO/DyNAMO/install/ridgeback_frontier_exploration/share/ridgeback_frontier_exploration/urdf/lidar_extras.urdf.xacro
/home/czika-stefania/Documents/DyNAMO/DyNAMO/install/ridgeback_frontier_exploration/share/ridgeback_frontier_exploration/urdf/camera_extras.urdf.xacro
/home/czika-stefania/Documents/DyNAMO/DyNAMO/install/ridgeback_frontier_exploration/share/ridgeback_frontier_exploration/urdf/empty.urdf
/home/czika-stefania/Documents/DyNAMO/DyNAMO/install/ridgeback_frontier_exploration/share/ridgeback_frontier_exploration/urdf/ridgeback.gazebo
/home/czika-stefania/Documents/DyNAMO/DyNAMO/install/ridgeback_frontier_exploration/share/ridgeback_frontier_exploration/urdf/accessories.urdf.xacro
/home/czika-stefania/Documents/DyNAMO/DyNAMO/install/ridgeback_frontier_exploration/share/ridgeback_frontier_exploration/urdf/ridgeback.urdf.xacro
/home/czika-stefania/Documents/DyNAMO/DyNAMO/install/ridgeback_frontier_exploration/share/ridgeback_frontier_exploration/urdf/configs/base
/home/czika-stefania/Documents/DyNAMO/DyNAMO/install/ridgeback_frontier_exploration/share/ridgeback_frontier_exploration/urdf/configs/dual_hokuyo_lasers
/home/czika-stefania/Documents/DyNAMO/DyNAMO/install/ridgeback_frontier_exploration/share/ridgeback_frontier_exploration/urdf/configs/empty
/home/czika-stefania/Documents/DyNAMO/DyNAMO/install/ridgeback_frontier_exploration/share/ridgeback_frontier_exploration/urdf/configs/dual_sick_lasers
/home/czika-stefania/Documents/DyNAMO/DyNAMO/install/ridgeback_frontier_exploration/share/ridgeback_frontier_exploration/urdf/configs/base_sick
/home/czika-stefania/Documents/DyNAMO/DyNAMO/install/ridgeback_frontier_exploration/share/ridgeback_frontier_exploration/urdf/accessories/microstrain_imu.urdf.xacro
/home/czika-stefania/Documents/DyNAMO/DyNAMO/install/ridgeback_frontier_exploration/share/ridgeback_frontier_exploration/urdf/accessories/hokuyo_ust-10lx_mount.urdf.xacro
/home/czika-stefania/Documents/DyNAMO/DyNAMO/install/ridgeback_frontier_exploration/share/ridgeback_frontier_exploration/urdf/accessories/sick_lms1xx_mount.urdf.xacro
/home/czika-stefania/Documents/DyNAMO/DyNAMO/install/ridgeback_frontier_exploration/share/ridgeback_frontier_exploration/urdf/accessories/sick_s300_mount.urdf.xacro
/home/czika-stefania/Documents/DyNAMO/DyNAMO/install/ridgeback_frontier_exploration/share/ridgeback_frontier_exploration/meshes/body-collision.stl
/home/czika-stefania/Documents/DyNAMO/DyNAMO/install/ridgeback_frontier_exploration/share/ridgeback_frontier_exploration/meshes/rocker.stl
/home/czika-stefania/Documents/DyNAMO/DyNAMO/install/ridgeback_frontier_exploration/share/ridgeback_frontier_exploration/meshes/top.stl
/home/czika-stefania/Documents/DyNAMO/DyNAMO/install/ridgeback_frontier_exploration/share/ridgeback_frontier_exploration/meshes/wheel.stl
/home/czika-stefania/Documents/DyNAMO/DyNAMO/install/ridgeback_frontier_exploration/share/ridgeback_frontier_exploration/meshes/end-cover.stl
/home/czika-stefania/Documents/DyNAMO/DyNAMO/install/ridgeback_frontier_exploration/share/ridgeback_frontier_exploration/meshes/ust-10lx.stl
/home/czika-stefania/Documents/DyNAMO/DyNAMO/install/ridgeback_frontier_exploration/share/ridgeback_frontier_exploration/meshes/lights.stl
/home/czika-stefania/Documents/DyNAMO/DyNAMO/install/ridgeback_frontier_exploration/share/ridgeback_frontier_exploration/meshes/body.stl
/home/czika-stefania/Documents/DyNAMO/DyNAMO/install/ridgeback_frontier_exploration/share/ridgeback_frontier_exploration/meshes/3dm-gxX.stl
/home/czika-stefania/Documents/DyNAMO/DyNAMO/install/ridgeback_frontier_exploration/share/ridgeback_frontier_exploration/meshes/side-cover.stl
/home/czika-stefania/Documents/DyNAMO/DyNAMO/install/ridgeback_frontier_exploration/share/ridgeback_frontier_exploration/meshes/axle.stl
/home/czika-stefania/Documents/DyNAMO/DyNAMO/install/ridgeback_frontier_exploration/share/ridgeback_frontier_exploration/worlds/hospital.sdf
/home/czika-stefania/Documents/DyNAMO/DyNAMO/install/ridgeback_frontier_exploration/share/ridgeback_frontier_exploration/materials/textures/floor.png
/home/czika-stefania/Documents/DyNAMO/DyNAMO/install/ridgeback_frontier_exploration/share/ridgeback_frontier_exploration/config/slam_params.yaml
/home/czika-stefania/Documents/DyNAMO/DyNAMO/install/ridgeback_frontier_exploration/share/ridgeback_frontier_exploration/config/nav2_params.yaml
/home/czika-stefania/Documents/DyNAMO/DyNAMO/install/ridgeback_frontier_exploration/share/ridgeback_frontier_exploration/config/explore.yaml
/home/czika-stefania/Documents/DyNAMO/DyNAMO/install/ridgeback_frontier_exploration/share/ridgeback_frontier_exploration/rviz/nav2_view.rviz
/home/czika-stefania/Documents/DyNAMO/DyNAMO/install/ridgeback_frontier_exploration/lib/python3.12/site-packages/ridgeback_frontier_exploration-0.0.0-py3.12.egg-info/dependency_links.txt
/home/czika-stefania/Documents/DyNAMO/DyNAMO/install/ridgeback_frontier_exploration/lib/python3.12/site-packages/ridgeback_frontier_exploration-0.0.0-py3.12.egg-info/PKG-INFO
/home/czika-stefania/Documents/DyNAMO/DyNAMO/install/ridgeback_frontier_exploration/lib/python3.12/site-packages/ridgeback_frontier_exploration-0.0.0-py3.12.egg-info/zip-safe
/home/czika-stefania/Documents/DyNAMO/DyNAMO/install/ridgeback_frontier_exploration/lib/python3.12/site-packages/ridgeback_frontier_exploration-0.0.0-py3.12.egg-info/requires.txt
/home/czika-stefania/Documents/DyNAMO/DyNAMO/install/ridgeback_frontier_exploration/lib/python3.12/site-packages/ridgeback_frontier_exploration-0.0.0-py3.12.egg-info/entry_points.txt
/home/czika-stefania/Documents/DyNAMO/DyNAMO/install/ridgeback_frontier_exploration/lib/python3.12/site-packages/ridgeback_frontier_exploration-0.0.0-py3.12.egg-info/top_level.txt
/home/czika-stefania/Documents/DyNAMO/DyNAMO/install/ridgeback_frontier_exploration/lib/python3.12/site-packages/ridgeback_frontier_exploration-0.0.0-py3.12.egg-info/SOURCES.txt
/home/czika-stefania/Documents/DyNAMO/DyNAMO/install/ridgeback_frontier_exploration/lib/ridgeback_frontier_exploration/odom_tf_pub
