[0.473s] Invoking command in '/home/czika-stefania/Documents/DyNAMO/DyNAMO/src/ridgeback_frontier_exploration': DEBUGINFOD_URLS=https://debuginfod.ubuntu.com PYTHONPATH=/home/czika-stefania/Documents/DyNAMO/DyNAMO/build/ridgeback_frontier_exploration/prefix_override:/usr/lib/python3/dist-packages/colcon_core/task/python/colcon_distutils_commands:/home/czika-stefania/Documents/DyNAMO/DyNAMO/install/ridgeback_frontier_exploration/lib/python3.12/site-packages:${PYTHONPATH} /usr/bin/python3 -W ignore:setup.py install is deprecated -W ignore:easy_install command is deprecated setup.py egg_info --egg-base ../../build/ridgeback_frontier_exploration build --build-base /home/czika-stefania/Documents/DyNAMO/DyNAMO/build/ridgeback_frontier_exploration/build install --record /home/czika-stefania/Documents/DyNAMO/DyNAMO/build/ridgeback_frontier_exploration/install.log --single-version-externally-managed install_data
[0.631s] running egg_info
[0.642s] writing ../../build/ridgeback_frontier_exploration/ridgeback_frontier_exploration.egg-info/PKG-INFO
[0.642s] writing dependency_links to ../../build/ridgeback_frontier_exploration/ridgeback_frontier_exploration.egg-info/dependency_links.txt
[0.642s] writing entry points to ../../build/ridgeback_frontier_exploration/ridgeback_frontier_exploration.egg-info/entry_points.txt
[0.643s] writing requirements to ../../build/ridgeback_frontier_exploration/ridgeback_frontier_exploration.egg-info/requires.txt
[0.643s] writing top-level names to ../../build/ridgeback_frontier_exploration/ridgeback_frontier_exploration.egg-info/top_level.txt
[0.665s] reading manifest file '../../build/ridgeback_frontier_exploration/ridgeback_frontier_exploration.egg-info/SOURCES.txt'
[0.666s] writing manifest file '../../build/ridgeback_frontier_exploration/ridgeback_frontier_exploration.egg-info/SOURCES.txt'
[0.666s] running build
[0.666s] running build_py
[0.666s] running install
[0.670s] running install_lib
[0.681s] running install_data
[0.682s] copying config/nav2_params.yaml -> /home/czika-stefania/Documents/DyNAMO/DyNAMO/install/ridgeback_frontier_exploration/share/ridgeback_frontier_exploration/config
[0.682s] running install_egg_info
[0.693s] removing '/home/czika-stefania/Documents/DyNAMO/DyNAMO/install/ridgeback_frontier_exploration/lib/python3.12/site-packages/ridgeback_frontier_exploration-0.0.0-py3.12.egg-info' (and everything under it)
[0.694s] Copying ../../build/ridgeback_frontier_exploration/ridgeback_frontier_exploration.egg-info to /home/czika-stefania/Documents/DyNAMO/DyNAMO/install/ridgeback_frontier_exploration/lib/python3.12/site-packages/ridgeback_frontier_exploration-0.0.0-py3.12.egg-info
[0.694s] running install_scripts
[0.769s] Installing odom_tf_pub script to /home/czika-stefania/Documents/DyNAMO/DyNAMO/install/ridgeback_frontier_exploration/lib/ridgeback_frontier_exploration
[0.769s] writing list of installed files to '/home/czika-stefania/Documents/DyNAMO/DyNAMO/build/ridgeback_frontier_exploration/install.log'
[0.784s] Invoked command in '/home/czika-stefania/Documents/DyNAMO/DyNAMO/src/ridgeback_frontier_exploration' returned '0': DEBUGINFOD_URLS=https://debuginfod.ubuntu.com PYTHONPATH=/home/czika-stefania/Documents/DyNAMO/DyNAMO/build/ridgeback_frontier_exploration/prefix_override:/usr/lib/python3/dist-packages/colcon_core/task/python/colcon_distutils_commands:/home/czika-stefania/Documents/DyNAMO/DyNAMO/install/ridgeback_frontier_exploration/lib/python3.12/site-packages:${PYTHONPATH} /usr/bin/python3 -W ignore:setup.py install is deprecated -W ignore:easy_install command is deprecated setup.py egg_info --egg-base ../../build/ridgeback_frontier_exploration build --build-base /home/czika-stefania/Documents/DyNAMO/DyNAMO/build/ridgeback_frontier_exploration/build install --record /home/czika-stefania/Documents/DyNAMO/DyNAMO/build/ridgeback_frontier_exploration/install.log --single-version-externally-managed install_data
